This is pdfTeX, Version 3.14159265-2.6-1.40.16 (TeX Live 2015/Debian) (preloaded format=pdflatex 2018.8.23)  19 SEP 2018 21:58
entering extended mode
 restricted \write18 enabled.
 %&-line parsing enabled.
**latex-slides.tex
(./latex-slides.tex
LaTeX2e <2016/02/01>
Babel <3.9q> and hyphenation patterns for 3 language(s) loaded.
(/usr/share/texlive/texmf-dist/tex/latex/beamer/beamer.cls
(/usr/share/texlive/texmf-dist/tex/latex/beamer/beamerbasercs.sty
Package: beamerbasercs 2015/03/08 (rcs-revision 368aa9ba9d38)
)
Document Class: beamer 2015/01/05 3.36 A class for typesetting presentations (r
cs-revision 8a39122e1f63)
(/usr/share/texlive/texmf-dist/tex/latex/beamer/beamerbasemodes.sty
Package: beamerbasemodes 2013/09/03 (rcs-revision 768f2d98ca64)
\beamer@tempbox=\box26
\beamer@tempcount=\count79
\c@beamerpauses=\count80

(/usr/share/texlive/texmf-dist/tex/latex/beamer/beamerbasedecode.sty
Package: beamerbasedecode 2010/05/01 (rcs-revision efa082c6111d)
\beamer@slideinframe=\count81
\beamer@minimum=\count82
)
\beamer@commentbox=\box27
\beamer@modecount=\count83
)
(/usr/share/texlive/texmf-dist/tex/generic/oberdiek/ifpdf.sty
Package: ifpdf 2011/01/30 v2.3 Provides the ifpdf switch (HO)
Package ifpdf Info: pdfTeX in PDF mode is detected.
)
\headheight=\dimen102
\headdp=\dimen103
\footheight=\dimen104
\sidebarheight=\dimen105
\beamer@tempdim=\dimen106
\beamer@finalheight=\dimen107
\beamer@animht=\dimen108
\beamer@animdp=\dimen109
\beamer@animwd=\dimen110
\beamer@leftmargin=\dimen111
\beamer@rightmargin=\dimen112
\beamer@leftsidebar=\dimen113
\beamer@rightsidebar=\dimen114
\beamer@boxsize=\dimen115
\beamer@vboxoffset=\dimen116
\beamer@descdefault=\dimen117
\beamer@descriptionwidth=\dimen118
\beamer@lastskip=\skip41
\beamer@areabox=\box28
\beamer@animcurrent=\box29
\beamer@animshowbox=\box30
\beamer@sectionbox=\box31
\beamer@logobox=\box32
\beamer@linebox=\box33
\beamer@sectioncount=\count84
\beamer@subsubsectionmax=\count85
\beamer@subsectionmax=\count86
\beamer@sectionmax=\count87
\beamer@totalheads=\count88
\beamer@headcounter=\count89
\beamer@partstartpage=\count90
\beamer@sectionstartpage=\count91
\beamer@subsectionstartpage=\count92
\beamer@animationtempa=\count93
\beamer@animationtempb=\count94
\beamer@xpos=\count95
\beamer@ypos=\count96
\beamer@showpartnumber=\count97
\beamer@currentsubsection=\count98
\beamer@coveringdepth=\count99
\beamer@sectionadjust=\count100
\beamer@tocsectionnumber=\count101

(/usr/share/texlive/texmf-dist/tex/latex/beamer/beamerbaseoptions.sty
Package: beamerbaseoptions 2013/03/10 (rcs-revision 47431932db0d)

(/usr/share/texlive/texmf-dist/tex/latex/graphics/keyval.sty
Package: keyval 2014/10/28 v1.15 key=value parser (DPC)
\KV@toks@=\toks14
))
\beamer@paperwidth=\skip42
\beamer@paperheight=\skip43

(/usr/share/texlive/texmf-dist/tex/latex/geometry/geometry.sty
Package: geometry 2010/09/12 v5.6 Page Geometry

(/usr/share/texlive/texmf-dist/tex/generic/oberdiek/ifvtex.sty
Package: ifvtex 2010/03/01 v1.5 Detect VTeX and its facilities (HO)
Package ifvtex Info: VTeX not detected.
)
(/usr/share/texlive/texmf-dist/tex/generic/ifxetex/ifxetex.sty
Package: ifxetex 2010/09/12 v0.6 Provides ifxetex conditional
)
\Gm@cnth=\count102
\Gm@cntv=\count103
\c@Gm@tempcnt=\count104
\Gm@bindingoffset=\dimen119
\Gm@wd@mp=\dimen120
\Gm@odd@mp=\dimen121
\Gm@even@mp=\dimen122
\Gm@layoutwidth=\dimen123
\Gm@layoutheight=\dimen124
\Gm@layouthoffset=\dimen125
\Gm@layoutvoffset=\dimen126
\Gm@dimlist=\toks15
)
(/usr/share/texlive/texmf-dist/tex/latex/base/size11.clo
File: size11.clo 2014/09/29 v1.4h Standard LaTeX file (size option)
)
(/usr/share/texlive/texmf-dist/tex/latex/pgf/basiclayer/pgfcore.sty
(/usr/share/texlive/texmf-dist/tex/latex/graphics/graphicx.sty
Package: graphicx 2014/10/28 v1.0g Enhanced LaTeX Graphics (DPC,SPQR)

(/usr/share/texlive/texmf-dist/tex/latex/graphics/graphics.sty
Package: graphics 2016/01/03 v1.0q Standard LaTeX Graphics (DPC,SPQR)

(/usr/share/texlive/texmf-dist/tex/latex/graphics/trig.sty
Package: trig 2016/01/03 v1.10 sin cos tan (DPC)
)
(/usr/share/texlive/texmf-dist/tex/latex/latexconfig/graphics.cfg
File: graphics.cfg 2010/04/23 v1.9 graphics configuration of TeX Live
)
Package graphics Info: Driver file: pdftex.def on input line 95.

(/usr/share/texlive/texmf-dist/tex/latex/pdftex-def/pdftex.def
File: pdftex.def 2011/05/27 v0.06d Graphics/color for pdfTeX

(/usr/share/texlive/texmf-dist/tex/generic/oberdiek/infwarerr.sty
Package: infwarerr 2010/04/08 v1.3 Providing info/warning/error messages (HO)
)
(/usr/share/texlive/texmf-dist/tex/generic/oberdiek/ltxcmds.sty
Package: ltxcmds 2011/11/09 v1.22 LaTeX kernel commands for general use (HO)
)
\Gread@gobject=\count105
))
\Gin@req@height=\dimen127
\Gin@req@width=\dimen128
)
(/usr/share/texlive/texmf-dist/tex/latex/pgf/systemlayer/pgfsys.sty
(/usr/share/texlive/texmf-dist/tex/latex/pgf/utilities/pgfrcs.sty
(/usr/share/texlive/texmf-dist/tex/generic/pgf/utilities/pgfutil-common.tex
\pgfutil@everybye=\toks16
\pgfutil@tempdima=\dimen129
\pgfutil@tempdimb=\dimen130

(/usr/share/texlive/texmf-dist/tex/generic/pgf/utilities/pgfutil-common-lists.t
ex)) (/usr/share/texlive/texmf-dist/tex/generic/pgf/utilities/pgfutil-latex.def
\pgfutil@abb=\box34
(/usr/share/texlive/texmf-dist/tex/latex/ms/everyshi.sty
Package: everyshi 2001/05/15 v3.00 EveryShipout Package (MS)
))
(/usr/share/texlive/texmf-dist/tex/generic/pgf/utilities/pgfrcs.code.tex
Package: pgfrcs 2015/08/07 v3.0.1a (rcs-revision 1.31)
))
(/usr/share/texlive/texmf-dist/tex/generic/pgf/systemlayer/pgfsys.code.tex
Package: pgfsys 2014/07/09 v3.0.1a (rcs-revision 1.48)

(/usr/share/texlive/texmf-dist/tex/generic/pgf/utilities/pgfkeys.code.tex
\pgfkeys@pathtoks=\toks17
\pgfkeys@temptoks=\toks18

(/usr/share/texlive/texmf-dist/tex/generic/pgf/utilities/pgfkeysfiltered.code.t
ex
\pgfkeys@tmptoks=\toks19
))
\pgf@x=\dimen131
\pgf@y=\dimen132
\pgf@xa=\dimen133
\pgf@ya=\dimen134
\pgf@xb=\dimen135
\pgf@yb=\dimen136
\pgf@xc=\dimen137
\pgf@yc=\dimen138
\w@pgf@writea=\write3
\r@pgf@reada=\read1
\c@pgf@counta=\count106
\c@pgf@countb=\count107
\c@pgf@countc=\count108
\c@pgf@countd=\count109
\t@pgf@toka=\toks20
\t@pgf@tokb=\toks21
\t@pgf@tokc=\toks22
 (/usr/share/texlive/texmf-dist/tex/generic/pgf/systemlayer/pgf.cfg
File: pgf.cfg 2008/05/14  (rcs-revision 1.7)
)
Driver file for pgf: pgfsys-pdftex.def

(/usr/share/texlive/texmf-dist/tex/generic/pgf/systemlayer/pgfsys-pdftex.def
File: pgfsys-pdftex.def 2014/10/11  (rcs-revision 1.35)

(/usr/share/texlive/texmf-dist/tex/generic/pgf/systemlayer/pgfsys-common-pdf.de
f
File: pgfsys-common-pdf.def 2013/10/10  (rcs-revision 1.13)
)))
(/usr/share/texlive/texmf-dist/tex/generic/pgf/systemlayer/pgfsyssoftpath.code.
tex
File: pgfsyssoftpath.code.tex 2013/09/09  (rcs-revision 1.9)
\pgfsyssoftpath@smallbuffer@items=\count110
\pgfsyssoftpath@bigbuffer@items=\count111
)
(/usr/share/texlive/texmf-dist/tex/generic/pgf/systemlayer/pgfsysprotocol.code.
tex
File: pgfsysprotocol.code.tex 2006/10/16  (rcs-revision 1.4)
)) (/usr/share/texlive/texmf-dist/tex/latex/xcolor/xcolor.sty
Package: xcolor 2007/01/21 v2.11 LaTeX color extensions (UK)

(/usr/share/texlive/texmf-dist/tex/latex/latexconfig/color.cfg
File: color.cfg 2007/01/18 v1.5 color configuration of teTeX/TeXLive
)
Package xcolor Info: Driver file: pdftex.def on input line 225.
Package xcolor Info: Model `cmy' substituted by `cmy0' on input line 1337.
Package xcolor Info: Model `hsb' substituted by `rgb' on input line 1341.
Package xcolor Info: Model `RGB' extended on input line 1353.
Package xcolor Info: Model `HTML' substituted by `rgb' on input line 1355.
Package xcolor Info: Model `Hsb' substituted by `hsb' on input line 1356.
Package xcolor Info: Model `tHsb' substituted by `hsb' on input line 1357.
Package xcolor Info: Model `HSB' substituted by `hsb' on input line 1358.
Package xcolor Info: Model `Gray' substituted by `gray' on input line 1359.
Package xcolor Info: Model `wave' substituted by `hsb' on input line 1360.
)
(/usr/share/texlive/texmf-dist/tex/generic/pgf/basiclayer/pgfcore.code.tex
Package: pgfcore 2010/04/11 v3.0.1a (rcs-revision 1.7)

(/usr/share/texlive/texmf-dist/tex/generic/pgf/math/pgfmath.code.tex
(/usr/share/texlive/texmf-dist/tex/generic/pgf/math/pgfmathcalc.code.tex
(/usr/share/texlive/texmf-dist/tex/generic/pgf/math/pgfmathutil.code.tex)
(/usr/share/texlive/texmf-dist/tex/generic/pgf/math/pgfmathparser.code.tex
\pgfmath@dimen=\dimen139
\pgfmath@count=\count112
\pgfmath@box=\box35
\pgfmath@toks=\toks23
\pgfmath@stack@operand=\toks24
\pgfmath@stack@operation=\toks25
)
(/usr/share/texlive/texmf-dist/tex/generic/pgf/math/pgfmathfunctions.code.tex
(/usr/share/texlive/texmf-dist/tex/generic/pgf/math/pgfmathfunctions.basic.code
.tex)
(/usr/share/texlive/texmf-dist/tex/generic/pgf/math/pgfmathfunctions.trigonomet
ric.code.tex)
(/usr/share/texlive/texmf-dist/tex/generic/pgf/math/pgfmathfunctions.random.cod
e.tex)
(/usr/share/texlive/texmf-dist/tex/generic/pgf/math/pgfmathfunctions.comparison
.code.tex)
(/usr/share/texlive/texmf-dist/tex/generic/pgf/math/pgfmathfunctions.base.code.
tex)
(/usr/share/texlive/texmf-dist/tex/generic/pgf/math/pgfmathfunctions.round.code
.tex)
(/usr/share/texlive/texmf-dist/tex/generic/pgf/math/pgfmathfunctions.misc.code.
tex)
(/usr/share/texlive/texmf-dist/tex/generic/pgf/math/pgfmathfunctions.integerari
thmetics.code.tex)))
(/usr/share/texlive/texmf-dist/tex/generic/pgf/math/pgfmathfloat.code.tex
\c@pgfmathroundto@lastzeros=\count113
))
(/usr/share/texlive/texmf-dist/tex/generic/pgf/basiclayer/pgfcorepoints.code.te
x
File: pgfcorepoints.code.tex 2013/10/07  (rcs-revision 1.27)
\pgf@picminx=\dimen140
\pgf@picmaxx=\dimen141
\pgf@picminy=\dimen142
\pgf@picmaxy=\dimen143
\pgf@pathminx=\dimen144
\pgf@pathmaxx=\dimen145
\pgf@pathminy=\dimen146
\pgf@pathmaxy=\dimen147
\pgf@xx=\dimen148
\pgf@xy=\dimen149
\pgf@yx=\dimen150
\pgf@yy=\dimen151
\pgf@zx=\dimen152
\pgf@zy=\dimen153
)
(/usr/share/texlive/texmf-dist/tex/generic/pgf/basiclayer/pgfcorepathconstruct.
code.tex
File: pgfcorepathconstruct.code.tex 2013/10/07  (rcs-revision 1.29)
\pgf@path@lastx=\dimen154
\pgf@path@lasty=\dimen155
)
(/usr/share/texlive/texmf-dist/tex/generic/pgf/basiclayer/pgfcorepathusage.code
.tex
File: pgfcorepathusage.code.tex 2014/11/02  (rcs-revision 1.24)
\pgf@shorten@end@additional=\dimen156
\pgf@shorten@start@additional=\dimen157
)
(/usr/share/texlive/texmf-dist/tex/generic/pgf/basiclayer/pgfcorescopes.code.te
x
File: pgfcorescopes.code.tex 2015/05/08  (rcs-revision 1.46)
\pgfpic=\box36
\pgf@hbox=\box37
\pgf@layerbox@main=\box38
\pgf@picture@serial@count=\count114
)
(/usr/share/texlive/texmf-dist/tex/generic/pgf/basiclayer/pgfcoregraphicstate.c
ode.tex
File: pgfcoregraphicstate.code.tex 2014/11/02  (rcs-revision 1.12)
\pgflinewidth=\dimen158
)
(/usr/share/texlive/texmf-dist/tex/generic/pgf/basiclayer/pgfcoretransformation
s.code.tex
File: pgfcoretransformations.code.tex 2015/08/07  (rcs-revision 1.20)
\pgf@pt@x=\dimen159
\pgf@pt@y=\dimen160
\pgf@pt@temp=\dimen161
)
(/usr/share/texlive/texmf-dist/tex/generic/pgf/basiclayer/pgfcorequick.code.tex
File: pgfcorequick.code.tex 2008/10/09  (rcs-revision 1.3)
)
(/usr/share/texlive/texmf-dist/tex/generic/pgf/basiclayer/pgfcoreobjects.code.t
ex
File: pgfcoreobjects.code.tex 2006/10/11  (rcs-revision 1.2)
)
(/usr/share/texlive/texmf-dist/tex/generic/pgf/basiclayer/pgfcorepathprocessing
.code.tex
File: pgfcorepathprocessing.code.tex 2013/09/09  (rcs-revision 1.9)
)
(/usr/share/texlive/texmf-dist/tex/generic/pgf/basiclayer/pgfcorearrows.code.te
x
File: pgfcorearrows.code.tex 2015/05/14  (rcs-revision 1.43)
\pgfarrowsep=\dimen162
)
(/usr/share/texlive/texmf-dist/tex/generic/pgf/basiclayer/pgfcoreshade.code.tex
File: pgfcoreshade.code.tex 2013/07/15  (rcs-revision 1.15)
\pgf@max=\dimen163
\pgf@sys@shading@range@num=\count115
)
(/usr/share/texlive/texmf-dist/tex/generic/pgf/basiclayer/pgfcoreimage.code.tex
File: pgfcoreimage.code.tex 2013/07/15  (rcs-revision 1.18)

(/usr/share/texlive/texmf-dist/tex/generic/pgf/basiclayer/pgfcoreexternal.code.
tex
File: pgfcoreexternal.code.tex 2014/07/09  (rcs-revision 1.21)
\pgfexternal@startupbox=\box39
))
(/usr/share/texlive/texmf-dist/tex/generic/pgf/basiclayer/pgfcorelayers.code.te
x
File: pgfcorelayers.code.tex 2013/07/18  (rcs-revision 1.7)
)
(/usr/share/texlive/texmf-dist/tex/generic/pgf/basiclayer/pgfcoretransparency.c
ode.tex
File: pgfcoretransparency.code.tex 2013/09/30  (rcs-revision 1.5)
)
(/usr/share/texlive/texmf-dist/tex/generic/pgf/basiclayer/pgfcorepatterns.code.
tex
File: pgfcorepatterns.code.tex 2013/11/07  (rcs-revision 1.5)
))) (/usr/share/texlive/texmf-dist/tex/latex/pgf/utilities/xxcolor.sty
Package: xxcolor 2003/10/24 ver 0.1
\XC@nummixins=\count116
\XC@countmixins=\count117
)
(/usr/share/texlive/texmf-dist/tex/generic/oberdiek/atbegshi.sty
Package: atbegshi 2011/10/05 v1.16 At begin shipout hook (HO)
)
(/usr/share/texlive/texmf-dist/tex/latex/hyperref/hyperref.sty
Package: hyperref 2012/11/06 v6.83m Hypertext links for LaTeX

(/usr/share/texlive/texmf-dist/tex/generic/oberdiek/hobsub-hyperref.sty
Package: hobsub-hyperref 2012/05/28 v1.13 Bundle oberdiek, subset hyperref (HO)


(/usr/share/texlive/texmf-dist/tex/generic/oberdiek/hobsub-generic.sty
Package: hobsub-generic 2012/05/28 v1.13 Bundle oberdiek, subset generic (HO)
Package: hobsub 2012/05/28 v1.13 Construct package bundles (HO)
Package hobsub Info: Skipping package `infwarerr' (already loaded).
Package hobsub Info: Skipping package `ltxcmds' (already loaded).
Package: ifluatex 2010/03/01 v1.3 Provides the ifluatex switch (HO)
Package ifluatex Info: LuaTeX not detected.
Package hobsub Info: Skipping package `ifvtex' (already loaded).
Package: intcalc 2007/09/27 v1.1 Expandable calculations with integers (HO)
Package hobsub Info: Skipping package `ifpdf' (already loaded).
Package: etexcmds 2011/02/16 v1.5 Avoid name clashes with e-TeX commands (HO)
Package etexcmds Info: Could not find \expanded.
(etexcmds)             That can mean that you are not using pdfTeX 1.50 or
(etexcmds)             that some package has redefined \expanded.
(etexcmds)             In the latter case, load this package earlier.
Package: kvsetkeys 2012/04/25 v1.16 Key value parser (HO)
Package: kvdefinekeys 2011/04/07 v1.3 Define keys (HO)
Package: pdftexcmds 2011/11/29 v0.20 Utility functions of pdfTeX for LuaTeX (HO
)
Package pdftexcmds Info: LuaTeX not detected.
Package pdftexcmds Info: \pdf@primitive is available.
Package pdftexcmds Info: \pdf@ifprimitive is available.
Package pdftexcmds Info: \pdfdraftmode found.
Package: pdfescape 2011/11/25 v1.13 Implements pdfTeX's escape features (HO)
Package: bigintcalc 2012/04/08 v1.3 Expandable calculations on big integers (HO
)
Package: bitset 2011/01/30 v1.1 Handle bit-vector datatype (HO)
Package: uniquecounter 2011/01/30 v1.2 Provide unlimited unique counter (HO)
)
Package hobsub Info: Skipping package `hobsub' (already loaded).
Package: letltxmacro 2010/09/02 v1.4 Let assignment for LaTeX macros (HO)
Package: hopatch 2012/05/28 v1.2 Wrapper for package hooks (HO)
Package: xcolor-patch 2011/01/30 xcolor patch
Package: atveryend 2011/06/30 v1.8 Hooks at the very end of document (HO)
Package atveryend Info: \enddocument detected (standard20110627).
Package hobsub Info: Skipping package `atbegshi' (already loaded).
Package: refcount 2011/10/16 v3.4 Data extraction from label references (HO)
Package: hycolor 2011/01/30 v1.7 Color options for hyperref/bookmark (HO)
)
(/usr/share/texlive/texmf-dist/tex/latex/oberdiek/auxhook.sty
Package: auxhook 2011/03/04 v1.3 Hooks for auxiliary files (HO)
)
(/usr/share/texlive/texmf-dist/tex/latex/oberdiek/kvoptions.sty
Package: kvoptions 2011/06/30 v3.11 Key value format for package options (HO)
)
\@linkdim=\dimen164
\Hy@linkcounter=\count118
\Hy@pagecounter=\count119

(/usr/share/texlive/texmf-dist/tex/latex/hyperref/pd1enc.def
File: pd1enc.def 2012/11/06 v6.83m Hyperref: PDFDocEncoding definition (HO)
)
\Hy@SavedSpaceFactor=\count120

(/usr/share/texlive/texmf-dist/tex/latex/latexconfig/hyperref.cfg
File: hyperref.cfg 2002/06/06 v1.2 hyperref configuration of TeXLive
)
Package hyperref Info: Option `bookmarks' set `true' on input line 4319.
Package hyperref Info: Option `bookmarksopen' set `true' on input line 4319.
Package hyperref Info: Option `implicit' set `false' on input line 4319.
Package hyperref Info: Hyper figures OFF on input line 4443.
Package hyperref Info: Link nesting OFF on input line 4448.
Package hyperref Info: Hyper index ON on input line 4451.
Package hyperref Info: Plain pages OFF on input line 4458.
Package hyperref Info: Backreferencing OFF on input line 4463.
Package hyperref Info: Implicit mode OFF; no redefinition of LaTeX internals.
Package hyperref Info: Bookmarks ON on input line 4688.
\c@Hy@tempcnt=\count121

(/usr/share/texlive/texmf-dist/tex/latex/url/url.sty
\Urlmuskip=\muskip10
Package: url 2013/09/16  ver 3.4  Verb mode for urls, etc.
)
LaTeX Info: Redefining \url on input line 5041.
\XeTeXLinkMargin=\dimen165
\Fld@menulength=\count122
\Field@Width=\dimen166
\Fld@charsize=\dimen167
Package hyperref Info: Hyper figures OFF on input line 6295.
Package hyperref Info: Link nesting OFF on input line 6300.
Package hyperref Info: Hyper index ON on input line 6303.
Package hyperref Info: backreferencing OFF on input line 6310.
Package hyperref Info: Link coloring OFF on input line 6315.
Package hyperref Info: Link coloring with OCG OFF on input line 6320.
Package hyperref Info: PDF/A mode OFF on input line 6325.
LaTeX Info: Redefining \ref on input line 6365.
LaTeX Info: Redefining \pageref on input line 6369.
\Hy@abspage=\count123


Package hyperref Message: Stopped early.

)

Package hyperref Message: Driver (autodetected): hpdftex.

(/usr/share/texlive/texmf-dist/tex/latex/hyperref/hpdftex.def
File: hpdftex.def 2012/11/06 v6.83m Hyperref driver for pdfTeX
\Fld@listcount=\count124
\c@bookmark@seq@number=\count125

(/usr/share/texlive/texmf-dist/tex/latex/oberdiek/rerunfilecheck.sty
Package: rerunfilecheck 2011/04/15 v1.7 Rerun checks for auxiliary files (HO)
Package uniquecounter Info: New unique counter `rerunfilecheck' on input line 2
82.
))
(/usr/share/texlive/texmf-dist/tex/latex/beamer/beamerbaserequires.sty
Package: beamerbaserequires 2010/05/01  (rcs-revision efa082c6111d)

(/usr/share/texlive/texmf-dist/tex/latex/beamer/beamerbasecompatibility.sty
Package: beamerbasecompatibility 2012/05/01  (rcs-revision 67c48b3b652d)
)
(/usr/share/texlive/texmf-dist/tex/latex/beamer/beamerbasefont.sty
Package: beamerbasefont 2015/01/05  (rcs-revision b4b4bee242e2)

(/usr/share/texlive/texmf-dist/tex/latex/amsfonts/amssymb.sty
Package: amssymb 2013/01/14 v3.01 AMS font symbols

(/usr/share/texlive/texmf-dist/tex/latex/amsfonts/amsfonts.sty
Package: amsfonts 2013/01/14 v3.01 Basic AMSFonts support
\@emptytoks=\toks26
\symAMSa=\mathgroup4
\symAMSb=\mathgroup5
LaTeX Font Info:    Overwriting math alphabet `\mathfrak' in version `bold'
(Font)                  U/euf/m/n --> U/euf/b/n on input line 106.
)))
(/usr/share/texlive/texmf-dist/tex/latex/beamer/beamerbasetranslator.sty
Package: beamerbasetranslator 2010/06/11  (rcs-revision 85fd1cc7fc42)

(/usr/share/texlive/texmf-dist/tex/latex/beamer/translator/translator.sty
Package: translator 2010/06/12 ver 1.10

(/usr/share/texlive/texmf-dist/tex/latex/beamer/translator/translator-language-
mappings.tex)))
(/usr/share/texlive/texmf-dist/tex/latex/beamer/beamerbasemisc.sty
Package: beamerbasemisc 2013/09/03  (rcs-revision a55719c41d85)
)
(/usr/share/texlive/texmf-dist/tex/latex/beamer/beamerbasetwoscreens.sty
Package: beamerbasetwoscreens 2010/05/01  (rcs-revision efa082c6111d)
)
(/usr/share/texlive/texmf-dist/tex/latex/beamer/beamerbaseoverlay.sty
Package: beamerbaseoverlay 2013/12/25  (rcs-revision f6bd5e3805da)
\beamer@argscount=\count126
\beamer@lastskipcover=\skip44
\beamer@trivlistdepth=\count127
)
(/usr/share/texlive/texmf-dist/tex/latex/beamer/beamerbasetitle.sty
Package: beamerbasetitle 2010/09/21  (rcs-revision f0446ed0b6ae)
)
(/usr/share/texlive/texmf-dist/tex/latex/beamer/beamerbasesection.sty
Package: beamerbasesection 2013/06/07  (rcs-revision 60b9fe0f342f)
\c@lecture=\count128
\c@part=\count129
\c@section=\count130
\c@subsection=\count131
\c@subsubsection=\count132
)
(/usr/share/texlive/texmf-dist/tex/latex/beamer/beamerbaseframe.sty
Package: beamerbaseframe 2014/02/20  (rcs-revision 4b8ceeeff434)
\beamer@framebox=\box40
\beamer@frametitlebox=\box41
\beamer@zoombox=\box42
\beamer@zoomcount=\count133
\beamer@zoomframecount=\count134
\beamer@frametextheight=\dimen168
\c@subsectionslide=\count135
\beamer@frametopskip=\skip45
\beamer@framebottomskip=\skip46
\beamer@frametopskipautobreak=\skip47
\beamer@framebottomskipautobreak=\skip48
\beamer@envbody=\toks27
\framewidth=\dimen169
\c@framenumber=\count136
)
(/usr/share/texlive/texmf-dist/tex/latex/beamer/beamerbaseverbatim.sty
Package: beamerbaseverbatim 2015/01/05  (rcs-revision 431510bb5890)
\beamer@verbatimfileout=\write4
)
(/usr/share/texlive/texmf-dist/tex/latex/beamer/beamerbaseframesize.sty
Package: beamerbaseframesize 2011/09/12  (rcs-revision 70f9d8411e54)
\beamer@splitbox=\box43
\beamer@autobreakcount=\count137
\beamer@autobreaklastheight=\dimen170
\beamer@frametitletoks=\toks28
\beamer@framesubtitletoks=\toks29
)
(/usr/share/texlive/texmf-dist/tex/latex/beamer/beamerbaseframecomponents.sty
Package: beamerbaseframecomponents 2013/10/18  (rcs-revision 5cf6c5555a45)
\beamer@footins=\box44
)
(/usr/share/texlive/texmf-dist/tex/latex/beamer/beamerbasecolor.sty
Package: beamerbasecolor 2015/02/21  (rcs-revision d944b04ee2d5)
)
(/usr/share/texlive/texmf-dist/tex/latex/beamer/beamerbasenotes.sty
Package: beamerbasenotes 2012/12/19  (rcs-revision 1686da3db3c9)
\beamer@frameboxcopy=\box45
)
(/usr/share/texlive/texmf-dist/tex/latex/beamer/beamerbasetoc.sty
Package: beamerbasetoc 2015/03/08  (rcs-revision 7270298bbaae)
)
(/usr/share/texlive/texmf-dist/tex/latex/beamer/beamerbasetemplates.sty
Package: beamerbasetemplates 2010/05/01  (rcs-revision efa082c6111d)
\beamer@sbttoks=\toks30

(/usr/share/texlive/texmf-dist/tex/latex/beamer/beamerbaseauxtemplates.sty
Package: beamerbaseauxtemplates 2014/06/30  (rcs-revision 580088513a67)

(/usr/share/texlive/texmf-dist/tex/latex/beamer/beamerbaseboxes.sty
Package: beamerbaseboxes 2012/05/13  (rcs-revision 56972908a390)
\bmb@box=\box46
\bmb@colorbox=\box47
\bmb@boxshadow=\box48
\bmb@boxshadowball=\box49
\bmb@boxshadowballlarge=\box50
\bmb@temp=\dimen171
\bmb@dima=\dimen172
\bmb@dimb=\dimen173
\bmb@prevheight=\dimen174
)
\beamer@blockheadheight=\dimen175
))
(/usr/share/texlive/texmf-dist/tex/latex/beamer/beamerbaselocalstructure.sty
Package: beamerbaselocalstructure 2014/09/10  (rcs-revision 393f6dcff371)

(/usr/share/texlive/texmf-dist/tex/latex/tools/enumerate.sty
Package: enumerate 2015/07/23 v3.00 enumerate extensions (DPC)
\@enLab=\toks31
)
\c@figure=\count138
\c@table=\count139
\abovecaptionskip=\skip49
\belowcaptionskip=\skip50
)
(/usr/share/texlive/texmf-dist/tex/latex/beamer/beamerbasenavigation.sty
Package: beamerbasenavigation 2015/02/27  (rcs-revision 923f4bf87efa)
\beamer@section@min@dim=\dimen176
)
(/usr/share/texlive/texmf-dist/tex/latex/beamer/beamerbasetheorems.sty
Package: beamerbasetheorems 2010/06/06  (rcs-revision 7e7cc5e53e9d)

(/usr/share/texlive/texmf-dist/tex/latex/amsmath/amsmath.sty
Package: amsmath 2016/03/03 v2.15a AMS math features
\@mathmargin=\skip51

For additional information on amsmath, use the `?' option.
(/usr/share/texlive/texmf-dist/tex/latex/amsmath/amstext.sty
Package: amstext 2000/06/29 v2.01 AMS text

(/usr/share/texlive/texmf-dist/tex/latex/amsmath/amsgen.sty
File: amsgen.sty 1999/11/30 v2.0 generic functions
\@emptytoks=\toks32
\ex@=\dimen177
))
(/usr/share/texlive/texmf-dist/tex/latex/amsmath/amsbsy.sty
Package: amsbsy 1999/11/29 v1.2d Bold Symbols
\pmbraise@=\dimen178
)
(/usr/share/texlive/texmf-dist/tex/latex/amsmath/amsopn.sty
Package: amsopn 1999/12/14 v2.01 operator names
)
\inf@bad=\count140
LaTeX Info: Redefining \frac on input line 199.
\uproot@=\count141
\leftroot@=\count142
LaTeX Info: Redefining \overline on input line 297.
\classnum@=\count143
\DOTSCASE@=\count144
LaTeX Info: Redefining \ldots on input line 394.
LaTeX Info: Redefining \dots on input line 397.
LaTeX Info: Redefining \cdots on input line 518.
\Mathstrutbox@=\box51
\strutbox@=\box52
\big@size=\dimen179
LaTeX Font Info:    Redeclaring font encoding OML on input line 630.
LaTeX Font Info:    Redeclaring font encoding OMS on input line 631.
\macc@depth=\count145
\c@MaxMatrixCols=\count146
\dotsspace@=\muskip11
\c@parentequation=\count147
\dspbrk@lvl=\count148
\tag@help=\toks33
\row@=\count149
\column@=\count150
\maxfields@=\count151
\andhelp@=\toks34
\eqnshift@=\dimen180
\alignsep@=\dimen181
\tagshift@=\dimen182
\tagwidth@=\dimen183
\totwidth@=\dimen184
\lineht@=\dimen185
\@envbody=\toks35
\multlinegap=\skip52
\multlinetaggap=\skip53
\mathdisplay@stack=\toks36
LaTeX Info: Redefining \[ on input line 2735.
LaTeX Info: Redefining \] on input line 2736.
)
(/usr/share/texlive/texmf-dist/tex/latex/amscls/amsthm.sty
Package: amsthm 2015/03/04 v2.20.2
\thm@style=\toks37
\thm@bodyfont=\toks38
\thm@headfont=\toks39
\thm@notefont=\toks40
\thm@headpunct=\toks41
\thm@preskip=\skip54
\thm@postskip=\skip55
\thm@headsep=\skip56
\dth@everypar=\toks42
)
\c@theorem=\count152
)
(/usr/share/texlive/texmf-dist/tex/latex/beamer/beamerbasethemes.sty
Package: beamerbasethemes 2010/05/01  (rcs-revision efa082c6111d)
))
(/usr/share/texlive/texmf-dist/tex/latex/beamer/themes/theme/beamerthemedefault
.sty
Package: beamerthemedefault 2010/06/17  (rcs-revision d02a7cf4d8ae)

(/usr/share/texlive/texmf-dist/tex/latex/beamer/themes/font/beamerfontthemedefa
ult.sty
Package: beamerfontthemedefault 2012/12/19  (rcs-revision 1686da3db3c9)
)
(/usr/share/texlive/texmf-dist/tex/latex/beamer/themes/color/beamercolorthemede
fault.sty
Package: beamercolorthemedefault 2012/12/19  (rcs-revision 1686da3db3c9)
)
(/usr/share/texlive/texmf-dist/tex/latex/beamer/themes/inner/beamerinnerthemede
fault.sty
Package: beamerinnerthemedefault 2014/06/30  (rcs-revision 580088513a67)
\beamer@dima=\dimen186
\beamer@dimb=\dimen187
)
(/usr/share/texlive/texmf-dist/tex/latex/beamer/themes/outer/beamerouterthemede
fault.sty
Package: beamerouterthemedefault 2012/12/19  (rcs-revision 1686da3db3c9)
)))
(/usr/share/texmf/tex/latex/beamer/themes/theme/beamerthemeRoma.sty
(/usr/share/texlive/texmf-dist/tex/latex/tools/calc.sty
Package: calc 2014/10/28 v4.3 Infix arithmetic (KKT,FJ)
\calc@Acount=\count153
\calc@Bcount=\count154
\calc@Adimen=\dimen188
\calc@Bdimen=\dimen189
\calc@Askip=\skip57
\calc@Bskip=\skip58
LaTeX Info: Redefining \setlength on input line 80.
LaTeX Info: Redefining \addtolength on input line 81.
\calc@Ccount=\count155
\calc@Cskip=\skip59
)
(/usr/share/texmf/tex/latex/beamer/themes/inner/beamerinnerthemespiffy.sty
\beamer@spiffy@lineup=\skip60
\beamer@spiffy@normalmargin=\skip61
)
(/usr/share/texmf/tex/latex/beamer/themes/outer/beamerouterthemerunglines.sty
\headerheight=\skip62
\beamer@runglines@lineup=\skip63
\beamer@runglines@linebottom=\skip64
\beamer@runglines@watermarkheightbottom=\skip65
\beamer@runglines@watermarkheightupperorig=\skip66
)
(/usr/share/texmf/tex/latex/beamer/themes/color/beamercolorthemesapienza.sty))
(/usr/share/texlive/texmf-dist/tex/generic/babel/babel.sty
Package: babel 2016/02/24 3.9q The Babel package

(/usr/share/texlive/texmf-dist/tex/generic/babel-english/english.ldf
Language: english 2012/08/20 v3.3p English support from the babel system

(/usr/share/texlive/texmf-dist/tex/generic/babel/babel.def
File: babel.def 2016/02/24 3.9q Babel common definitions
\babel@savecnt=\count156
\U@D=\dimen190
LaTeX Info: Redefining \textlatin on input line 1448.
)
\l@british = a dialect from \language\l@english 
\l@UKenglish = a dialect from \language\l@english 
\l@canadian = a dialect from \language\l@american 
\l@australian = a dialect from \language\l@british 
\l@newzealand = a dialect from \language\l@british 
))
(/usr/share/texlive/texmf-dist/tex/latex/base/inputenc.sty
Package: inputenc 2015/03/17 v1.2c Input encoding file
\inpenc@prehook=\toks43
\inpenc@posthook=\toks44

(/usr/share/texlive/texmf-dist/tex/latex/ucs/utf8x.def
File: utf8x.def 2004/10/17 UCS: Input encoding UTF-8
))
(/usr/share/texlive/texmf-dist/tex/latex/ucs/ucs.sty
Package: ucs 2013/05/11 v2.2 UCS: Unicode input support

(/usr/share/texlive/texmf-dist/tex/latex/ucs/data/uni-global.def
File: uni-global.def 2013/05/13 UCS: Unicode global data
)
\uc@secondtry=\count157
\uc@combtoks=\toks45
\uc@combtoksb=\toks46
\uc@temptokena=\toks47
)
(/usr/share/texlive/texmf-dist/tex/latex/tools/xspace.sty
Package: xspace 2014/10/28 v1.13 Space after command names (DPC,MH)
)
(/usr/share/texlive/texmf-dist/tex/latex/tools/tabularx.sty
Package: tabularx 2014/10/28 v2.10 `tabularx' package (DPC)

(/usr/share/texlive/texmf-dist/tex/latex/tools/array.sty
Package: array 2014/10/28 v2.4c Tabular extension package (FMi)
\col@sep=\dimen191
\extrarowheight=\dimen192
\NC@list=\toks48
\extratabsurround=\skip67
\backup@length=\skip68
)
\TX@col@width=\dimen193
\TX@old@table=\dimen194
\TX@old@col=\dimen195
\TX@target=\dimen196
\TX@delta=\dimen197
\TX@cols=\count158
\TX@ftn=\toks49
)
(/usr/share/texlive/texmf-dist/tex/latex/subfig/subfig.sty
Package: subfig 2005/06/28 ver: 1.3 subfig package

(/usr/share/texlive/texmf-dist/tex/latex/caption/caption.sty
Package: caption 2016/02/21 v3.3-144 Customizing captions (AR)

(/usr/share/texlive/texmf-dist/tex/latex/caption/caption3.sty
Package: caption3 2016/02/04 v1.7-139 caption3 kernel (AR)
Package caption3 Info: TeX engine: e-TeX on input line 67.
\captionmargin=\dimen198
\captionmargin@=\dimen199
\captionwidth=\dimen256
\caption@tempdima=\dimen257
\caption@indent=\dimen258
\caption@parindent=\dimen259
\caption@hangindent=\dimen260
)
\c@ContinuedFloat=\count159
Package caption Info: beamer document class.
Package caption Info: hyperref package is loaded.
Package caption Info: Hyperref support is turned off
(caption)             because hyperref has stopped early.
)
\c@KVtest=\count160
\sf@farskip=\skip69
\sf@captopadj=\dimen261
\sf@capskip=\skip70
\sf@nearskip=\skip71
\c@subfigure=\count161
\c@subfigure@save=\count162
\c@depth=\count163
\c@subtable=\count164
\c@subtable@save=\count165
\sf@top=\skip72
\sf@bottom=\skip73
)
(/usr/share/texlive/texmf-dist/tex/latex/algorithms/algorithm.sty
Package: algorithm 2009/08/24 v0.1 Document Style `algorithm' - floating enviro
nment

(/usr/share/texlive/texmf-dist/tex/latex/float/float.sty
Package: float 2001/11/08 v1.3d Float enhancements (AL)
\c@float@type=\count166
\float@exts=\toks50
\float@box=\box53
\@float@everytoks=\toks51
\@floatcapt=\box54
)
(/usr/share/texlive/texmf-dist/tex/latex/base/ifthen.sty
Package: ifthen 2014/09/29 v1.1c Standard LaTeX ifthen package (DPC)
)
\@float@every@algorithm=\toks52
\c@algorithm=\count167
)
(/usr/share/texlive/texmf-dist/tex/latex/algorithmicx/algpseudocode.sty
Package: algpseudocode 

(/usr/share/texlive/texmf-dist/tex/latex/algorithmicx/algorithmicx.sty
Package: algorithmicx 2005/04/27 v1.2 Algorithmicx

Document Style algorithmicx 1.2 - a greatly improved `algorithmic' style
\c@ALG@line=\count168
\c@ALG@rem=\count169
\c@ALG@nested=\count170
\ALG@tlm=\skip74
\ALG@thistlm=\skip75
\c@ALG@Lnr=\count171
\c@ALG@blocknr=\count172
\c@ALG@storecount=\count173
\c@ALG@tmpcounter=\count174
\ALG@tmplength=\skip76
)
Document Style - pseudocode environments for use with the `algorithmicx' style
) (/usr/share/texlive/texmf-dist/tex/latex/multirow/multirow.sty
\bigstrutjot=\dimen262
)
(/usr/share/texlive/texmf-dist/tex/latex/animate/animate.sty
Package: animate 2016/03/15 PDF animations from files and inline graphics

(/usr/share/texlive/texmf-dist/tex/latex/oberdiek/ifdraft.sty
Package: ifdraft 2008/08/11 v1.3 Detect class options draft and final (HO)
)
(/usr/share/texlive/texmf-dist/tex/latex/oberdiek/atenddvi.sty
Package: atenddvi 2007/04/17 v1.1 At end DVI hook (HO)

(/usr/share/texlive/texmf-dist/tex/latex/oberdiek/zref-abspage.sty
Package: zref-abspage 2012/04/04 v2.24 Module abspage for zref (HO)

(/usr/share/texlive/texmf-dist/tex/latex/oberdiek/zref-base.sty
Package: zref-base 2012/04/04 v2.24 Module base for zref (HO)
Package zref Info: New property list: main on input line 759.
Package zref Info: New property: default on input line 760.
Package zref Info: New property: page on input line 761.
)
\c@abspage=\count175
Package zref Info: New property: abspage on input line 62.
)
(/usr/share/texlive/texmf-dist/tex/latex/oberdiek/zref-lastpage.sty
Package: zref-lastpage 2012/04/04 v2.24 Module lastpage for zref (HO)
Package zref Info: New property list: LastPage on input line 55.
))
(/usr/share/texlive/texmf-dist/tex/latex/animate/animfp.sty
Package: animfp 2009/07/23 fixed point addition for animate.sty
\afp@xs=\count176
\afp@xia=\count177
\afp@xib=\count178
\afp@xfa=\count179
\afp@xfb=\count180
\afp@rega=\count181
\afp@regb=\count182
\afp@regs=\count183
)
(/usr/share/texlive/texmf-dist/tex/latex/media9/pdfbase.sty
(/usr/share/texlive/texmf-dist/tex/latex/l3kernel/expl3.sty
Package: expl3 2016/01/19 v6377 L3 programming layer (loader) 

(/usr/share/texlive/texmf-dist/tex/latex/l3kernel/expl3-code.tex
Package: expl3 2016/01/19 v6377 L3 programming layer (code)
L3 Module: l3bootstrap 2016/01/01 v6339 L3 Bootstrap code
L3 Module: l3names 2015/12/21 v6328 L3 Namespace for primitives
L3 Module: l3basics 2015/11/22 v6315 L3 Basic definitions
L3 Module: l3expan 2015/09/10 v5983 L3 Argument expansion
L3 Module: l3tl 2015/09/29 v6121 L3 Token lists
L3 Module: l3str 2016/01/03 v6357 L3 Strings
L3 Module: l3seq 2015/08/05 v5777 L3 Sequences and stacks
L3 Module: l3int 2016/01/05 v6366 L3 Integers
\c_max_int=\count184
\l_tmpa_int=\count185
\l_tmpb_int=\count186
\g_tmpa_int=\count187
\g_tmpb_int=\count188
L3 Module: l3quark 2015/08/17 v5855 L3 Quarks
L3 Module: l3prg 2015/11/01 v6216 L3 Control structures
\g__prg_map_int=\count189
L3 Module: l3clist 2015/09/02 v5901 L3 Comma separated lists
L3 Module: l3token 2015/11/11 v6249 L3 Experimental token manipulation
L3 Module: l3prop 2016/01/05 v6366 L3 Property lists
L3 Module: l3msg 2015/09/28 v6113 L3 Messages
L3 Module: l3file 2015/12/03 v6317 L3 File and I/O operations
\l_iow_line_count_int=\count190
\l__iow_target_count_int=\count191
\l__iow_current_line_int=\count192
\l__iow_current_word_int=\count193
\l__iow_current_indentation_int=\count194
L3 Module: l3skip 2016/01/05 v6366 L3 Dimensions and skips
\c_zero_dim=\dimen263
\c_max_dim=\dimen264
\l_tmpa_dim=\dimen265
\l_tmpb_dim=\dimen266
\g_tmpa_dim=\dimen267
\g_tmpb_dim=\dimen268
\c_zero_skip=\skip77
\c_max_skip=\skip78
\l_tmpa_skip=\skip79
\l_tmpb_skip=\skip80
\g_tmpa_skip=\skip81
\g_tmpb_skip=\skip82
\c_zero_muskip=\muskip12
\c_max_muskip=\muskip13
\l_tmpa_muskip=\muskip14
\l_tmpb_muskip=\muskip15
\g_tmpa_muskip=\muskip16
\g_tmpb_muskip=\muskip17
L3 Module: l3keys 2015/11/17 v6284 L3 Key-value interfaces
\g__keyval_level_int=\count195
\l_keys_choice_int=\count196
L3 Module: l3fp 2015/08/25 v5890 L3 Floating points
\c__fp_leading_shift_int=\count197
\c__fp_middle_shift_int=\count198
\c__fp_trailing_shift_int=\count199
\c__fp_big_leading_shift_int=\count266
\c__fp_big_middle_shift_int=\count267
\c__fp_big_trailing_shift_int=\count268
\c__fp_Bigg_leading_shift_int=\count269
\c__fp_Bigg_middle_shift_int=\count270
\c__fp_Bigg_trailing_shift_int=\count271
L3 Module: l3box 2015/08/09 v5822 L3 Experimental boxes
\c_empty_box=\box55
\l_tmpa_box=\box56
\l_tmpb_box=\box57
\g_tmpa_box=\box58
\g_tmpb_box=\box59
L3 Module: l3coffins 2015/08/06 v5789 L3 Coffin code layer
\l__coffin_internal_box=\box60
\l__coffin_internal_dim=\dimen269
\l__coffin_offset_x_dim=\dimen270
\l__coffin_offset_y_dim=\dimen271
\l__coffin_x_dim=\dimen272
\l__coffin_y_dim=\dimen273
\l__coffin_x_prime_dim=\dimen274
\l__coffin_y_prime_dim=\dimen275
\c_empty_coffin=\box61
\l__coffin_aligned_coffin=\box62
\l__coffin_aligned_internal_coffin=\box63
\l_tmpa_coffin=\box64
\l_tmpb_coffin=\box65
\l__coffin_display_coffin=\box66
\l__coffin_display_coord_coffin=\box67
\l__coffin_display_pole_coffin=\box68
\l__coffin_display_offset_dim=\dimen276
\l__coffin_display_x_dim=\dimen277
\l__coffin_display_y_dim=\dimen278
L3 Module: l3color 2014/08/23 v5354 L3 Experimental color support
L3 Module: l3sys 2015/09/25 v6087 L3 Experimental system/runtime functions
L3 Module: l3candidates 2016/01/14 v6376 L3 Experimental additions to l3kernel
\l__box_top_dim=\dimen279
\l__box_bottom_dim=\dimen280
\l__box_left_dim=\dimen281
\l__box_right_dim=\dimen282
\l__box_top_new_dim=\dimen283
\l__box_bottom_new_dim=\dimen284
\l__box_left_new_dim=\dimen285
\l__box_right_new_dim=\dimen286
\l__box_internal_box=\box69
\l__coffin_bounding_shift_dim=\dimen287
\l__coffin_left_corner_dim=\dimen288
\l__coffin_right_corner_dim=\dimen289
\l__coffin_bottom_corner_dim=\dimen290
\l__coffin_top_corner_dim=\dimen291
\l__coffin_scaled_total_height_dim=\dimen292
\l__coffin_scaled_width_dim=\dimen293
L3 Module: l3luatex 2015/11/11 v6250 L3 Experimental LuaTeX-specific functions
)
(/usr/share/texlive/texmf-dist/tex/latex/l3kernel/l3pdfmode.def
File: l3pdfmode.def 2015/11/11 v6250 L3 Experimental driver: PDF mode
\l__driver_color_stack_int=\count272
))
(/usr/share/texlive/texmf-dist/tex/latex/l3experimental/l3str/l3regex.sty
Package: l3regex 2016/01/19 v6377 L3 Experimental regular expressions

(/usr/share/texlive/texmf-dist/tex/latex/l3experimental/l3str/l3tl-build.sty
Package: l3tl-build 2016/01/19 v6377 L3 Experimental token list construction
\l__tl_build_start_index_int=\count273
\l__tl_build_index_int=\count274
)
(/usr/share/texlive/texmf-dist/tex/latex/l3experimental/l3str/l3tl-analysis.sty
Package: l3tl-analysis 2015/11/09 v6244 L3 Experimental token lists analysis
\l__tl_analysis_normal_int=\count275
\l__tl_analysis_index_int=\count276
\l__tl_analysis_nesting_int=\count277
\l__tl_analysis_type_int=\count278
) (/usr/share/texlive/texmf-dist/tex/latex/l3experimental/l3str/l3flag.sty
Package: l3flag 2016/01/19 v6377 L3 Experimental flags
)
(/usr/share/texlive/texmf-dist/tex/latex/l3experimental/l3str/l3str-convert.sty
Package: l3str-convert 2015/09/26 v6106 L3 Experimental string encoding convers
ions
\l__str_internal_int=\count279
\c__str_replacement_char_int=\count280
)
\l__regex_internal_a_int=\count281
\l__regex_internal_b_int=\count282
\l__regex_internal_c_int=\count283
\l__regex_balance_int=\count284
\l__regex_group_level_int=\count285
\l__regex_mode_int=\count286
\l__regex_catcodes_int=\count287
\l__regex_default_catcodes_int=\count288
\c__regex_catcode_D_int=\count289
\c__regex_catcode_S_int=\count290
\c__regex_catcode_L_int=\count291
\c__regex_catcode_O_int=\count292
\c__regex_catcode_A_int=\count293
\c__regex_all_catcodes_int=\count294
\l__regex_show_lines_int=\count295
\l__regex_min_state_int=\count296
\l__regex_max_state_int=\count297
\l__regex_left_state_int=\count298
\l__regex_right_state_int=\count299
\l__regex_capturing_group_int=\count300
\l__regex_min_pos_int=\count301
\l__regex_max_pos_int=\count302
\l__regex_current_pos_int=\count303
\l__regex_start_pos_int=\count304
\l__regex_success_pos_int=\count305
\l__regex_current_char_int=\count306
\l__regex_current_catcode_int=\count307
\l__regex_last_char_int=\count308
\l__regex_case_changed_char_int=\count309
\l__regex_current_state_int=\count310
\l__regex_step_int=\count311
\l__regex_min_active_int=\count312
\l__regex_max_active_int=\count313
\l__regex_replacement_csnames_int=\count314
\l__regex_match_count_int=\count315
\l__regex_submatch_int=\count316
\l__regex_zeroth_submatch_int=\count317
) (/usr/share/texlive/texmf-dist/tex/latex/l3packages/l3keys2e/l3keys2e.sty
Package: l3keys2e 2016/01/19 v6377 LaTeX2e option processing using LaTeX3 keys
)
Package: pdfbase 2016/03/11 v0.7 driver independent access to low-level PDF fea
tures
\g_pbs_oc_int=\count318
)
(/usr/share/texlive/texmf-dist/tex/latex/ocgx2/ocgbase.sty
Package: ocgbase 2016/03/11 v0.6 support package for ocgx2.sty
)
(/usr/share/texlive/texmf-dist/tex/context/base/supp-pdf.mkii
[Loading MPS to PDF converter (version 2006.09.02).]
\scratchcounter=\count319
\scratchdimen=\dimen294
\scratchbox=\box70
\nofMPsegments=\count320
\nofMParguments=\count321
\everyMPshowfont=\toks53
\MPscratchCnt=\count322
\MPscratchDim=\dimen295
\MPnumerator=\count323
\makeMPintoPDFobject=\count324
\everyMPtoPDFconversion=\toks54
)
\@anim@box=\box71
\@anim@measbox=\box72
\@anim@tmpdima=\dimen296
\@anim@tmpdimb=\dimen297
\@anim@num=\count325
\@anim@curframe=\count326
\@anim@curframe@zb=\count327
\@anim@resizeflags=\count328
\@anim@skipfram=\count329
\@anim@mulframecnt=\count330
\@anim@@tmlnfile=\read2
\@anim@tmpcnt=\count331
\c@@anim@ltxcnt=\count332
\@anim@curlayer=\count333
\@anim@lineno=\count334
\@anim@curfield=\count335
\@anim@@resizeflags=\count336
) (/usr/share/texlive/texmf-dist/tex/latex/tasks/tasks.sty
(/usr/share/texlive/texmf-dist/tex/latex/l3packages/xparse/xparse.sty
Package: xparse 2016/01/19 v6377 L3 Experimental document command parser
\l__xparse_current_arg_int=\count337
\l__xparse_m_args_int=\count338
\l__xparse_mandatory_args_int=\count339
\l__xparse_processor_int=\count340
\l__xparse_v_nesting_int=\count341
)
Package: tasks 2014/07/29 v0.10a Horizontal columned lists.

(/usr/share/texlive/texmf-dist/tex/latex/eepic/epic.sty
Enhancements to Picture Environment. Version 1.2 - Released June 1, 1986
\@@multicnt=\count342
\d@lta=\count343
\@delta=\dimen298
\@@delta=\dimen299
\@gridcnt=\count344
\@joinkind=\count345
\@dotgap=\dimen300
\@ddotgap=\dimen301
\@x@diff=\count346
\@y@diff=\count347
\x@diff=\dimen302
\y@diff=\dimen303
\@dotbox=\box73
\num@segments=\count348
\num@segmentsi=\count349
\@datafile=\read3
) (/usr/share/texlive/texmf-dist/tex/latex/cntformats/cntformats.sty
Package: cntformats 2014/07/20 v0.7 A different way to read counters. (CN)

(/usr/share/texlive/texmf-dist/tex/latex/etoolbox/etoolbox.sty
Package: etoolbox 2015/08/02 v2.2a e-TeX tools for LaTeX (JAW)
\etb@tempcnta=\count350
)
(/usr/share/texlive/texmf-dist/tex/latex/cnltx/cnltx-base.sty
Package: cnltx-base 2015/08/17 v0.13 LaTeX tools and documenting facilities (CN
)

(/usr/share/texlive/texmf-dist/tex/latex/pgfopts/pgfopts.sty
Package: pgfopts 2014/07/10 v2.1a LaTeX package options with pgfkeys

(/usr/share/texlive/texmf-dist/tex/latex/pgf/utilities/pgfkeys.sty
(/usr/share/texlive/texmf-dist/tex/generic/pgf/utilities/pgfkeys.code.tex))
\pgfopts@list@add@a@toks=\toks55
\pgfopts@list@add@b@toks=\toks56
)
\c@cnltx@tmpa=\count351
\c@cnltx@tmpb=\count352
\c@cnltx@tmpc=\count353
\cnltx@tmpa@length=\skip83
\cnltx@tmpb@length=\skip84
\cnltx@tmpc@length=\skip85

(/usr/share/texlive/texmf-dist/tex/latex/trimspaces/trimspaces.sty
Package: trimspaces 2009/09/17 v1.1 Trim spaces around a token list
)))
(/usr/share/texlive/texmf-dist/tex/latex/l3packages/xtemplate/xtemplate.sty
Package: xtemplate 2016/01/19 v6377 L3 Experimental prototype document function
s
\l__xtemplate_tmp_dim=\dimen304
\l__xtemplate_tmp_int=\count354
\l__xtemplate_tmp_muskip=\muskip18
\l__xtemplate_tmp_skip=\skip86
)
(/usr/share/texlive/texmf-dist/tex/latex/environ/environ.sty
Package: environ 2014/05/04 v0.3 A new way to define environments
)
\l__tasks_depth_int=\count355
\g__tasks_int=\count356
\g__tasks_total_items_int=\count357
\l__tasks_columns_int=\count358
\l__tasks_rows_int=\count359
\g__tasks_current_col_num_int=\count360
\g__tasks_current_row_num_int=\count361
\l__tasks_item_columns_int=\count362
\l__tasks_item_indent_dim=\dimen305
\l__tasks_item_default_indent_dim=\dimen306
\l__tasks_item_width_dim=\dimen307
\l__tasks_label_width_dim=\dimen308
\l__tasks_label_default_width_dim=\dimen309
\l__tasks_label_offset_dim=\dimen310
\l__tasks_label_default_offset_dim=\dimen311
\l__tasks_column_sep_dim=\dimen312
\l__tasks_after_item_skip=\skip87
\l__tasks_custom_after_item_skip=\skip88
\l__tasks_before_list_skip=\skip89
\l__tasks_after_list_skip=\skip90
\l__tasks_item_coffin=\box74
\l__tasks_label_coffin=\box75
\c@task=\count363
\l__tasks_tmpa_int=\count364
\l__tasks_tmpb_int=\count365
\l__tasks_tmpa_coffin=\box76
.................................................
. xtemplate info: "declare-object-type"
. 
. Declaring object type 'tasks' taking 3 argument(s) on line 377.
.................................................
\l__tasks_choice_width_dim=\dimen313
\l__tasks_choice_linewidth_dim=\dimen314
\l__tasks_choice_checkwidth_dim=\dimen315
\l__tasks_choice_raise_dim=\dimen316
.................................................
. LaTeX info: "xparse/define-command"
. 
. Defining command \startnewitemline with sig. '' on line 670.
.................................................
.................................................
. LaTeX info: "xparse/define-command"
. 
. Defining command \NewTasks with sig. 'O{}mO{\task }D(){1}' on line 679.
.................................................
.................................................
. LaTeX info: "xparse/define-command"
. 
. Defining command \RenewTasks with sig. 'O{}mO{\task }D(){1}' on line 686.
.................................................
.................................................
. LaTeX info: "xparse/define-environment"
. 
. Defining environment 'tasks' with sig. 'O{}D(){1}' on line 694.
.................................................
\g__file_internal_ior=\read4

(/usr/share/texlive/texmf-dist/tex/latex/tasks/tasks.cfg
File: tasks.cfg 2014/07/29 v0.10a tasks instances
)
.................................................
. LaTeX info: "xparse/define-command"
. 
. Defining command \settasks with sig. 'm' on line 710.
.................................................
)
(/usr/share/texlive/texmf-dist/tex/latex/adjustbox/adjustbox.sty
Package: adjustbox 2012/05/21 v1.0 Adjusting TeX boxes (trim, clip, ...)

(/usr/share/texlive/texmf-dist/tex/latex/xkeyval/xkeyval.sty
Package: xkeyval 2014/12/03 v2.7a package option processing (HA)

(/usr/share/texlive/texmf-dist/tex/generic/xkeyval/xkeyval.tex
(/usr/share/texlive/texmf-dist/tex/generic/xkeyval/xkvutils.tex
\XKV@toks=\toks57
\XKV@tempa@toks=\toks58
)
\XKV@depth=\count366
File: xkeyval.tex 2014/12/03 v2.7a key=value parser (HA)
))
(/usr/share/texlive/texmf-dist/tex/latex/adjustbox/adjcalc.sty
Package: adjcalc 2012/05/16 v1.1 Provides advanced setlength with multiple back
-ends (calc, etex, pgfmath)
)
(/usr/share/texlive/texmf-dist/tex/latex/adjustbox/trimclip.sty
Package: trimclip 2012/05/16 v1.0 Trim and clip general TeX material

(/usr/share/texlive/texmf-dist/tex/latex/collectbox/collectbox.sty
Package: collectbox 2012/05/17 v0.4b Collect macro arguments as boxes
\collectedbox=\box77
)
\tc@llx=\dimen317
\tc@lly=\dimen318
\tc@urx=\dimen319
\tc@ury=\dimen320
Package trimclip Info: Using driver 'tc-pdftex.def'.

(/usr/share/texlive/texmf-dist/tex/latex/adjustbox/tc-pdftex.def
File: tc-pdftex.def 2012/05/13 v1.0 Clipping driver for pdftex
))
\adjbox@Width=\dimen321
\adjbox@Height=\dimen322
\adjbox@Depth=\dimen323
\adjbox@Totalheight=\dimen324

(/usr/share/texlive/texmf-dist/tex/latex/ifoddpage/ifoddpage.sty
Package: ifoddpage 2011/09/13 v1.0 Conditionals for odd/even page detection
\c@checkoddpage=\count367
)
(/usr/share/texlive/texmf-dist/tex/latex/varwidth/varwidth.sty
Package: varwidth 2009/03/30 ver 0.92;  Variable-width minipages
\@vwid@box=\box78
\sift@deathcycles=\count368
\@vwid@loff=\dimen325
\@vwid@roff=\dimen326
))
(/usr/share/texlive/texmf-dist/tex/latex/beamer/multimedia/multimedia.sty
Package: multimedia 2012/05/02 ver 0.02
\mm@movie=\count369
)
(/usr/share/texlive/texmf-dist/tex/latex/pgf/frontendlayer/tikz.sty
(/usr/share/texlive/texmf-dist/tex/latex/pgf/basiclayer/pgf.sty
Package: pgf 2015/08/07 v3.0.1a (rcs-revision 1.15)

(/usr/share/texlive/texmf-dist/tex/generic/pgf/modules/pgfmoduleshapes.code.tex
File: pgfmoduleshapes.code.tex 2014/03/21  (rcs-revision 1.35)
\pgfnodeparttextbox=\box79
) (/usr/share/texlive/texmf-dist/tex/generic/pgf/modules/pgfmoduleplot.code.tex
File: pgfmoduleplot.code.tex 2015/08/03  (rcs-revision 1.13)
)
(/usr/share/texlive/texmf-dist/tex/latex/pgf/compatibility/pgfcomp-version-0-65
.sty
Package: pgfcomp-version-0-65 2007/07/03 v3.0.1a (rcs-revision 1.7)
\pgf@nodesepstart=\dimen327
\pgf@nodesepend=\dimen328
)
(/usr/share/texlive/texmf-dist/tex/latex/pgf/compatibility/pgfcomp-version-1-18
.sty
Package: pgfcomp-version-1-18 2007/07/23 v3.0.1a (rcs-revision 1.1)
)) (/usr/share/texlive/texmf-dist/tex/latex/pgf/utilities/pgffor.sty
(/usr/share/texlive/texmf-dist/tex/latex/pgf/math/pgfmath.sty
(/usr/share/texlive/texmf-dist/tex/generic/pgf/math/pgfmath.code.tex))
(/usr/share/texlive/texmf-dist/tex/generic/pgf/utilities/pgffor.code.tex
Package: pgffor 2013/12/13 v3.0.1a (rcs-revision 1.25)

(/usr/share/texlive/texmf-dist/tex/generic/pgf/math/pgfmath.code.tex)
\pgffor@iter=\dimen329
\pgffor@skip=\dimen330
\pgffor@stack=\toks59
\pgffor@toks=\toks60
))
(/usr/share/texlive/texmf-dist/tex/generic/pgf/frontendlayer/tikz/tikz.code.tex
Package: tikz 2015/08/07 v3.0.1a (rcs-revision 1.151)

(/usr/share/texlive/texmf-dist/tex/generic/pgf/libraries/pgflibraryplothandlers
.code.tex
File: pgflibraryplothandlers.code.tex 2013/08/31 v3.0.1a (rcs-revision 1.20)
\pgf@plot@mark@count=\count370
\pgfplotmarksize=\dimen331
)
\tikz@lastx=\dimen332
\tikz@lasty=\dimen333
\tikz@lastxsaved=\dimen334
\tikz@lastysaved=\dimen335
\tikzleveldistance=\dimen336
\tikzsiblingdistance=\dimen337
\tikz@figbox=\box80
\tikz@figbox@bg=\box81
\tikz@tempbox=\box82
\tikz@tempbox@bg=\box83
\tikztreelevel=\count371
\tikznumberofchildren=\count372
\tikznumberofcurrentchild=\count373
\tikz@fig@count=\count374

(/usr/share/texlive/texmf-dist/tex/generic/pgf/modules/pgfmodulematrix.code.tex
File: pgfmodulematrix.code.tex 2013/09/17  (rcs-revision 1.8)
\pgfmatrixcurrentrow=\count375
\pgfmatrixcurrentcolumn=\count376
\pgf@matrix@numberofcolumns=\count377
)
\tikz@expandcount=\count378

(/usr/share/texlive/texmf-dist/tex/generic/pgf/frontendlayer/tikz/libraries/tik
zlibrarytopaths.code.tex
File: tikzlibrarytopaths.code.tex 2008/06/17 v3.0.1a (rcs-revision 1.2)
)))
(/usr/share/texlive/texmf-dist/tex/generic/pgf/frontendlayer/tikz/libraries/tik
zlibraryarrows.code.tex
File: tikzlibraryarrows.code.tex 2008/01/09 v3.0.1a (rcs-revision 1.1)

(/usr/share/texlive/texmf-dist/tex/generic/pgf/libraries/pgflibraryarrows.code.
tex
File: pgflibraryarrows.code.tex 2013/09/23 v3.0.1a (rcs-revision 1.16)
\arrowsize=\dimen338
)) (./macros.tex)
(/usr/share/texlive/texmf-dist/tex/latex/listings/listings.sty
\lst@mode=\count379
\lst@gtempboxa=\box84
\lst@token=\toks61
\lst@length=\count380
\lst@currlwidth=\dimen339
\lst@column=\count381
\lst@pos=\count382
\lst@lostspace=\dimen340
\lst@width=\dimen341
\lst@newlines=\count383
\lst@lineno=\count384
\lst@maxwidth=\dimen342

(/usr/share/texlive/texmf-dist/tex/latex/listings/lstmisc.sty
File: lstmisc.sty 2015/06/04 1.6 (Carsten Heinz)
\c@lstnumber=\count385
\lst@skipnumbers=\count386
\lst@framebox=\box85
)
(/usr/share/texlive/texmf-dist/tex/latex/listings/listings.cfg
File: listings.cfg 2015/06/04 1.6 listings configuration
))
Package: listings 2015/06/04 1.6 (Carsten Heinz)

(/usr/share/texlive/texmf-dist/tex/latex/oberdiek/accsupp.sty
Package: accsupp 2010/01/16 v0.3 Accessibility support by marked content (HO)

(/usr/share/texlive/texmf-dist/tex/latex/oberdiek/accsupp-pdftex.def
File: accsupp-pdftex.def 2010/01/16 v0.3 accsupp driver for pdfTeX (HO)
))
(/usr/share/texlive/texmf-dist/tex/latex/amsfonts/umsa.fd
File: umsa.fd 2013/01/14 v3.01 AMS symbols A
)
(/usr/share/texlive/texmf-dist/tex/latex/amsfonts/umsb.fd
File: umsb.fd 2013/01/14 v3.01 AMS symbols B
)

Package hyperref Warning: Token not allowed in a PDF string (PDFDocEncoding):
(hyperref)                removing `math shift' on input line 112.


Package hyperref Warning: Token not allowed in a PDF string (PDFDocEncoding):
(hyperref)                removing `subscript' on input line 112.


Package hyperref Warning: Token not allowed in a PDF string (PDFDocEncoding):
(hyperref)                removing `math shift' on input line 112.


Package hyperref Warning: Token not allowed in a PDF string (PDFDocEncoding):
(hyperref)                removing `math shift' on input line 112.


Package hyperref Warning: Token not allowed in a PDF string (PDFDocEncoding):
(hyperref)                removing `subscript' on input line 112.


Package hyperref Warning: Token not allowed in a PDF string (PDFDocEncoding):
(hyperref)                removing `math shift' on input line 112.

(./latex-slides.aux)
\openout1 = `latex-slides.aux'.

LaTeX Font Info:    Checking defaults for OML/cmm/m/it on input line 112.
LaTeX Font Info:    ... okay on input line 112.
LaTeX Font Info:    Checking defaults for T1/cmr/m/n on input line 112.
LaTeX Font Info:    ... okay on input line 112.
LaTeX Font Info:    Checking defaults for OT1/cmr/m/n on input line 112.
LaTeX Font Info:    ... okay on input line 112.
LaTeX Font Info:    Checking defaults for OMS/cmsy/m/n on input line 112.
LaTeX Font Info:    ... okay on input line 112.
LaTeX Font Info:    Checking defaults for OMX/cmex/m/n on input line 112.
LaTeX Font Info:    ... okay on input line 112.
LaTeX Font Info:    Checking defaults for U/cmr/m/n on input line 112.
LaTeX Font Info:    ... okay on input line 112.
LaTeX Font Info:    Checking defaults for PD1/pdf/m/n on input line 112.
LaTeX Font Info:    ... okay on input line 112.

*geometry* driver: auto-detecting
*geometry* detected driver: pdftex
*geometry* verbose mode - [ preamble ] result:
* driver: pdftex
* paper: custom
* layout: <same size as paper>
* layoutoffset:(h,v)=(0.0pt,0.0pt)
* modes: includehead includefoot 
* h-part:(L,W,R)=(21.85083pt, 320.4937pt, 21.85083pt)
* v-part:(T,H,B)=(0.0pt, 273.14662pt, 0.0pt)
* \paperwidth=364.19536pt
* \paperheight=273.14662pt
* \textwidth=320.49371pt
* \textheight=244.6939pt
* \oddsidemargin=-50.41916pt
* \evensidemargin=-50.41916pt
* \topmargin=-72.26999pt
* \headheight=14.22636pt
* \headsep=0.0pt
* \topskip=11.0pt
* \footskip=14.22636pt
* \marginparwidth=4.0pt
* \marginparsep=10.0pt
* \columnsep=10.0pt
* \skip\footins=10.0pt plus 4.0pt minus 2.0pt
* \hoffset=0.0pt
* \voffset=0.0pt
* \mag=1000
* \@twocolumnfalse
* \@twosidefalse
* \@mparswitchfalse
* \@reversemarginfalse
* (1in=72.27pt=25.4mm, 1cm=28.453pt)

(/usr/share/texlive/texmf-dist/tex/latex/oberdiek/epstopdf-base.sty
Package: epstopdf-base 2010/02/09 v2.5 Base part for package epstopdf

(/usr/share/texlive/texmf-dist/tex/latex/oberdiek/grfext.sty
Package: grfext 2010/08/19 v1.1 Manage graphics extensions (HO)
)
Package grfext Info: Graphics extension search list:
(grfext)             [.png,.pdf,.jpg,.mps,.jpeg,.jbig2,.jb2,.PNG,.PDF,.JPG,.JPE
G,.JBIG2,.JB2,.eps]
(grfext)             \AppendGraphicsExtensions on input line 452.

(/usr/share/texlive/texmf-dist/tex/latex/latexconfig/epstopdf-sys.cfg
File: epstopdf-sys.cfg 2010/07/13 v1.3 Configuration of (r)epstopdf for TeX Liv
e
))
ABD: EveryShipout initializing macros
\AtBeginShipoutBox=\box86
Package hyperref Info: Link coloring OFF on input line 112.

(/usr/share/texlive/texmf-dist/tex/latex/hyperref/nameref.sty
Package: nameref 2012/10/27 v2.43 Cross-referencing by name of section

(/usr/share/texlive/texmf-dist/tex/generic/oberdiek/gettitlestring.sty
Package: gettitlestring 2010/12/03 v1.4 Cleanup title references (HO)
)
\c@section@level=\count387
)
LaTeX Info: Redefining \ref on input line 112.
LaTeX Info: Redefining \pageref on input line 112.
LaTeX Info: Redefining \nameref on input line 112.

(./latex-slides.out) (./latex-slides.out)
\@outlinefile=\write5
\openout5 = `latex-slides.out'.

LaTeX Font Info:    Overwriting symbol font `operators' in version `normal'
(Font)                  OT1/cmr/m/n --> OT1/cmss/m/n on input line 112.
LaTeX Font Info:    Overwriting symbol font `operators' in version `bold'
(Font)                  OT1/cmr/bx/n --> OT1/cmss/bx/n on input line 112.
\symnumbers=\mathgroup6
\sympureletters=\mathgroup7
LaTeX Font Info:    Overwriting math alphabet `\mathrm' in version `normal'
(Font)                  OT1/cmss/m/n --> OT1/cmr/m/n on input line 112.
LaTeX Font Info:    Redeclaring math alphabet \mathbf on input line 112.
LaTeX Font Info:    Overwriting math alphabet `\mathbf' in version `normal'
(Font)                  OT1/cmr/bx/n --> OT1/cmss/bx/n on input line 112.
LaTeX Font Info:    Overwriting math alphabet `\mathbf' in version `bold'
(Font)                  OT1/cmr/bx/n --> OT1/cmss/bx/n on input line 112.
LaTeX Font Info:    Redeclaring math alphabet \mathsf on input line 112.
LaTeX Font Info:    Overwriting math alphabet `\mathsf' in version `normal'
(Font)                  OT1/cmss/m/n --> OT1/cmss/m/n on input line 112.
LaTeX Font Info:    Overwriting math alphabet `\mathsf' in version `bold'
(Font)                  OT1/cmss/bx/n --> OT1/cmss/m/n on input line 112.
LaTeX Font Info:    Redeclaring math alphabet \mathit on input line 112.
LaTeX Font Info:    Overwriting math alphabet `\mathit' in version `normal'
(Font)                  OT1/cmr/m/it --> OT1/cmss/m/it on input line 112.
LaTeX Font Info:    Overwriting math alphabet `\mathit' in version `bold'
(Font)                  OT1/cmr/bx/it --> OT1/cmss/m/it on input line 112.
LaTeX Font Info:    Redeclaring math alphabet \mathtt on input line 112.
LaTeX Font Info:    Overwriting math alphabet `\mathtt' in version `normal'
(Font)                  OT1/cmtt/m/n --> OT1/cmtt/m/n on input line 112.
LaTeX Font Info:    Overwriting math alphabet `\mathtt' in version `bold'
(Font)                  OT1/cmtt/m/n --> OT1/cmtt/m/n on input line 112.
LaTeX Font Info:    Overwriting symbol font `numbers' in version `bold'
(Font)                  OT1/cmss/m/n --> OT1/cmss/bx/n on input line 112.
LaTeX Font Info:    Overwriting symbol font `pureletters' in version `bold'
(Font)                  OT1/cmss/m/it --> OT1/cmss/bx/it on input line 112.
LaTeX Font Info:    Overwriting math alphabet `\mathrm' in version `bold'
(Font)                  OT1/cmss/bx/n --> OT1/cmr/bx/n on input line 112.
LaTeX Font Info:    Overwriting math alphabet `\mathbf' in version `bold'
(Font)                  OT1/cmss/bx/n --> OT1/cmss/bx/n on input line 112.
LaTeX Font Info:    Overwriting math alphabet `\mathsf' in version `bold'
(Font)                  OT1/cmss/m/n --> OT1/cmss/bx/n on input line 112.
LaTeX Font Info:    Overwriting math alphabet `\mathit' in version `bold'
(Font)                  OT1/cmss/m/it --> OT1/cmss/bx/it on input line 112.
LaTeX Font Info:    Overwriting math alphabet `\mathtt' in version `bold'
(Font)                  OT1/cmtt/m/n --> OT1/cmtt/bx/n on input line 112.

(/usr/share/texlive/texmf-dist/tex/latex/beamer/translator/dicts/translator-bas
ic-dictionary/translator-basic-dictionary-English.dict
Dictionary: translator-basic-dictionary, Language: English 
)
(/usr/share/texlive/texmf-dist/tex/latex/beamer/translator/dicts/translator-bib
liography-dictionary/translator-bibliography-dictionary-English.dict
Dictionary: translator-bibliography-dictionary, Language: English 
)
(/usr/share/texlive/texmf-dist/tex/latex/beamer/translator/dicts/translator-env
ironment-dictionary/translator-environment-dictionary-English.dict
Dictionary: translator-environment-dictionary, Language: English 
)
(/usr/share/texlive/texmf-dist/tex/latex/beamer/translator/dicts/translator-mon
ths-dictionary/translator-months-dictionary-English.dict
Dictionary: translator-months-dictionary, Language: English 
)
(/usr/share/texlive/texmf-dist/tex/latex/beamer/translator/dicts/translator-num
bers-dictionary/translator-numbers-dictionary-English.dict
Dictionary: translator-numbers-dictionary, Language: English 
)
(/usr/share/texlive/texmf-dist/tex/latex/beamer/translator/dicts/translator-the
orem-dictionary/translator-theorem-dictionary-English.dict
Dictionary: translator-theorem-dictionary, Language: English 
)
LaTeX Info: Redefining \includegraphics on input line 112.

(/usr/share/texlive/texmf-dist/tex/latex/ucs/ucsencs.def
File: ucsencs.def 2011/01/21 Fixes to fontencodings LGR, T3
)
Package caption Info: Begin \AtBeginDocument code.
Package caption Info: subfig package v1.3 is loaded.
Package caption Info: float package is loaded.
Package caption Info: listings package is loaded.
Package caption Info: End \AtBeginDocument code.
\c@lstlisting=\count388
 (./latex-slides.nav)

LaTeX Font Warning: Font shape `OT1/cmss/m/sc' in size <6> not available
(Font)              Font shape `OT1/cmr/m/sc' tried instead on input line 112.

<watermark-sapienza.pdf, id=15, 397.49504pt x 119.2194pt>
File: watermark-sapienza.pdf Graphic file (type pdf)

<use watermark-sapienza.pdf>
Package pdftex.def Info: watermark-sapienza.pdf used on input line 112.
(pdftex.def)             Requested size: 66.87575pt x 21.85222pt.


LaTeX Font Warning: Font shape `OT1/cmss/m/sc' in size <14.4> not available
(Font)              Font shape `OT1/cmr/m/sc' tried instead on input line 116.

<logo-sapienza.pdf, id=17, 108.43109pt x 109.2612pt>
File: logo-sapienza.pdf Graphic file (type pdf)
 <use logo-sapienza.pdf>
Package pdftex.def Info: logo-sapienza.pdf used on input line 116.
(pdftex.def)             Requested size: 108.42915pt x 109.25697pt.

[1

{/var/lib/texmf/fonts/map/pdftex/updmap/pdftex.map} <./logo-sapienza.pdf>]
File: watermark-sapienza.pdf Graphic file (type pdf)

<use watermark-sapienza.pdf>
Package pdftex.def Info: watermark-sapienza.pdf used on input line 155.
(pdftex.def)             Requested size: 66.93033pt x 20.07507pt.
File: watermark-sapienza.pdf Graphic file (type pdf)
 <use watermark-sapienza.pdf>
Package pdftex.def Info: watermark-sapienza.pdf used on input line 155.
(pdftex.def)             Requested size: 66.87575pt x 21.85222pt.
 [2

 <./watermark-sapienza.pdf>]
File: watermark-sapienza.pdf Graphic file (type pdf)
 <use watermark-sapienza.pdf>
Package pdftex.def Info: watermark-sapienza.pdf used on input line 155.
(pdftex.def)             Requested size: 66.93033pt x 20.07507pt.
File: watermark-sapienza.pdf Graphic file (type pdf)
 <use watermark-sapienza.pdf>
Package pdftex.def Info: watermark-sapienza.pdf used on input line 155.
(pdftex.def)             Requested size: 66.87575pt x 21.85222pt.
 [3


]
<images/sapientino-start.png, id=66, 258.9675pt x 177.66376pt>
File: images/sapientino-start.png Graphic file (type png)

<use images/sapientino-start.png>
Package pdftex.def Info: images/sapientino-start.png used on input line 169.
(pdftex.def)             Requested size: 144.22119pt x 98.94612pt.
File: watermark-sapienza.pdf Graphic file (type pdf)
 <use watermark-sapienza.pdf>
Package pdftex.def Info: watermark-sapienza.pdf used on input line 169.
(pdftex.def)             Requested size: 66.93033pt x 20.07507pt.
File: watermark-sapienza.pdf Graphic file (type pdf)

<use watermark-sapienza.pdf>
Package pdftex.def Info: watermark-sapienza.pdf used on input line 169.
(pdftex.def)             Requested size: 66.87575pt x 21.85222pt.
 [4

 <./images/sapientino-start.png>]

LaTeX Font Warning: Font shape `OT1/cmss/bx/it' undefined
(Font)              using `OT1/cmss/bx/n' instead on input line 190.

<images/rl-two-representations-no-borders.png, id=79, 811.03pt x 323.2075pt>
File: images/rl-two-representations-no-borders.png Graphic file (type png)

<use images/rl-two-representations-no-borders.png>
Package pdftex.def Info: images/rl-two-representations-no-borders.png used on i
nput line 190.
(pdftex.def)             Requested size: 240.37029pt x 95.78923pt.

Overfull \vbox (8.02057pt too high) detected at line 190
 []

File: watermark-sapienza.pdf Graphic file (type pdf)
<use watermark-sapienza.pdf>
Package pdftex.def Info: watermark-sapienza.pdf used on input line 190.
(pdftex.def)             Requested size: 66.93033pt x 20.07507pt.
File: watermark-sapienza.pdf Graphic file (type pdf)
 <use watermark-sapienza.pdf>
Package pdftex.def Info: watermark-sapienza.pdf used on input line 190.
(pdftex.def)             Requested size: 66.87575pt x 21.85222pt.
 [5

 <./images/rl-two-representations-no-borders.png (PNG copy)>]
File: images/rl-two-representations-no-borders.png Graphic file (type png)

<use images/rl-two-representations-no-borders.png>
Package pdftex.def Info: images/rl-two-representations-no-borders.png used on i
nput line 238.
(pdftex.def)             Requested size: 288.44238pt x 114.94907pt.
File: watermark-sapienza.pdf Graphic file (type pdf)

<use watermark-sapienza.pdf>
Package pdftex.def Info: watermark-sapienza.pdf used on input line 238.
(pdftex.def)             Requested size: 66.93033pt x 20.07507pt.
File: watermark-sapienza.pdf Graphic file (type pdf)
 <use watermark-sapienza.pdf>
Package pdftex.def Info: watermark-sapienza.pdf used on input line 238.
(pdftex.def)             Requested size: 66.87575pt x 21.85222pt.
 [6

]
<images//sapientino-simple-dfa-horizontal.png, id=98, 702.625pt x 108.405pt>
File: images//sapientino-simple-dfa-horizontal.png Graphic file (type png)

<use images//sapientino-simple-dfa-horizontal.png>
Package pdftex.def Info: images//sapientino-simple-dfa-horizontal.png used on i
nput line 251.
(pdftex.def)             Requested size: 320.49371pt x 49.4484pt.
File: watermark-sapienza.pdf Graphic file (type pdf)

<use watermark-sapienza.pdf>
Package pdftex.def Info: watermark-sapienza.pdf used on input line 251.
(pdftex.def)             Requested size: 66.93033pt x 20.07507pt.
File: watermark-sapienza.pdf Graphic file (type pdf)
 <use watermark-sapienza.pdf>
Package pdftex.def Info: watermark-sapienza.pdf used on input line 251.
(pdftex.def)             Requested size: 66.87575pt x 21.85222pt.
 [7

 <./images//sapientino-simple-dfa-horizontal.png>]
<images//gifs/optimal-policy-three-colors/frame_00.png, id=108, 337.26pt x 258.
9675pt>
File: images//gifs/optimal-policy-three-colors/frame_00.png Graphic file (type 
png)
 <use images//gifs/optimal-policy-three-colors/frame_00.png>
Package pdftex.def Info: images//gifs/optimal-policy-three-colors/frame_00.png 
used on input line 294.
(pdftex.def)             Requested size: 192.29817pt x 147.6604pt.

<images//gifs/sapientino-simple-dfa/sapientino-simple-dfa-0.png, id=109, 125.46
875pt x 516.93124pt>
File: images//gifs/sapientino-simple-dfa/sapientino-simple-dfa-0.png Graphic fi
le (type png)

<use images//gifs/sapientino-simple-dfa/sapientino-simple-dfa-0.png>
Package pdftex.def Info: images//gifs/sapientino-simple-dfa/sapientino-simple-d
fa-0.png used on input line 294.
(pdftex.def)             Requested size: 39.13612pt x 161.23883pt.

Overfull \vbox (9.57715pt too high) detected at line 294
 []

File: watermark-sapienza.pdf Graphic file (type pdf)
<use watermark-sapienza.pdf>
Package pdftex.def Info: watermark-sapienza.pdf used on input line 294.
(pdftex.def)             Requested size: 66.93033pt x 20.07507pt.
File: watermark-sapienza.pdf Graphic file (type pdf)
 <use watermark-sapienza.pdf>
Package pdftex.def Info: watermark-sapienza.pdf used on input line 294.
(pdftex.def)             Requested size: 66.87575pt x 21.85222pt.
 [8

 <./images//gifs/optimal-policy-three-colors/frame_00.png> <./images//gifs/sapi
entino-simple-dfa/sapientino-simple-dfa-0.png>]
<images//gifs/optimal-policy-three-colors/frame_01.png, id=120, 337.26pt x 258.
9675pt>
File: images//gifs/optimal-policy-three-colors/frame_01.png Graphic file (type 
png)
 <use images//gifs/optimal-policy-three-colors/frame_01.png>
Package pdftex.def Info: images//gifs/optimal-policy-three-colors/frame_01.png 
used on input line 294.
(pdftex.def)             Requested size: 192.29817pt x 147.6604pt.
File: images//gifs/sapientino-simple-dfa/sapientino-simple-dfa-0.png Graphic fi
le (type png)

<use images//gifs/sapientino-simple-dfa/sapientino-simple-dfa-0.png>
Package pdftex.def Info: images//gifs/sapientino-simple-dfa/sapientino-simple-d
fa-0.png used on input line 294.
(pdftex.def)             Requested size: 39.13612pt x 161.23883pt.

Overfull \vbox (9.57715pt too high) detected at line 294
 []

File: watermark-sapienza.pdf Graphic file (type pdf)
<use watermark-sapienza.pdf>
Package pdftex.def Info: watermark-sapienza.pdf used on input line 294.
(pdftex.def)             Requested size: 66.93033pt x 20.07507pt.
File: watermark-sapienza.pdf Graphic file (type pdf)
 <use watermark-sapienza.pdf>
Package pdftex.def Info: watermark-sapienza.pdf used on input line 294.
(pdftex.def)             Requested size: 66.87575pt x 21.85222pt.
 [9

 <./images//gifs/optimal-policy-three-colors/frame_01.png>]
<images//gifs/optimal-policy-three-colors/frame_02.png, id=130, 337.26pt x 258.
9675pt>
File: images//gifs/optimal-policy-three-colors/frame_02.png Graphic file (type 
png)
 <use images//gifs/optimal-policy-three-colors/frame_02.png>
Package pdftex.def Info: images//gifs/optimal-policy-three-colors/frame_02.png 
used on input line 294.
(pdftex.def)             Requested size: 192.29817pt x 147.6604pt.
File: images//gifs/sapientino-simple-dfa/sapientino-simple-dfa-0.png Graphic fi
le (type png)

<use images//gifs/sapientino-simple-dfa/sapientino-simple-dfa-0.png>
Package pdftex.def Info: images//gifs/sapientino-simple-dfa/sapientino-simple-d
fa-0.png used on input line 294.
(pdftex.def)             Requested size: 39.13612pt x 161.23883pt.

Overfull \vbox (9.57715pt too high) detected at line 294
 []

File: watermark-sapienza.pdf Graphic file (type pdf)
<use watermark-sapienza.pdf>
Package pdftex.def Info: watermark-sapienza.pdf used on input line 294.
(pdftex.def)             Requested size: 66.93033pt x 20.07507pt.
File: watermark-sapienza.pdf Graphic file (type pdf)
 <use watermark-sapienza.pdf>
Package pdftex.def Info: watermark-sapienza.pdf used on input line 294.
(pdftex.def)             Requested size: 66.87575pt x 21.85222pt.
 [10

 <./images//gifs/optimal-policy-three-colors/frame_02.png>]
<images//gifs/optimal-policy-three-colors/frame_03.png, id=140, 337.26pt x 258.
9675pt>
File: images//gifs/optimal-policy-three-colors/frame_03.png Graphic file (type 
png)
 <use images//gifs/optimal-policy-three-colors/frame_03.png>
Package pdftex.def Info: images//gifs/optimal-policy-three-colors/frame_03.png 
used on input line 294.
(pdftex.def)             Requested size: 192.29817pt x 147.6604pt.
File: images//gifs/sapientino-simple-dfa/sapientino-simple-dfa-0.png Graphic fi
le (type png)

<use images//gifs/sapientino-simple-dfa/sapientino-simple-dfa-0.png>
Package pdftex.def Info: images//gifs/sapientino-simple-dfa/sapientino-simple-d
fa-0.png used on input line 294.
(pdftex.def)             Requested size: 39.13612pt x 161.23883pt.

Overfull \vbox (9.57715pt too high) detected at line 294
 []

File: watermark-sapienza.pdf Graphic file (type pdf)
<use watermark-sapienza.pdf>
Package pdftex.def Info: watermark-sapienza.pdf used on input line 294.
(pdftex.def)             Requested size: 66.93033pt x 20.07507pt.
File: watermark-sapienza.pdf Graphic file (type pdf)
 <use watermark-sapienza.pdf>
Package pdftex.def Info: watermark-sapienza.pdf used on input line 294.
(pdftex.def)             Requested size: 66.87575pt x 21.85222pt.
 [11

 <./images//gifs/optimal-policy-three-colors/frame_03.png>]
<images//gifs/optimal-policy-three-colors/frame_04.png, id=150, 337.26pt x 258.
9675pt>
File: images//gifs/optimal-policy-three-colors/frame_04.png Graphic file (type 
png)
 <use images//gifs/optimal-policy-three-colors/frame_04.png>
Package pdftex.def Info: images//gifs/optimal-policy-three-colors/frame_04.png 
used on input line 294.
(pdftex.def)             Requested size: 192.29817pt x 147.6604pt.
File: images//gifs/sapientino-simple-dfa/sapientino-simple-dfa-0.png Graphic fi
le (type png)

<use images//gifs/sapientino-simple-dfa/sapientino-simple-dfa-0.png>
Package pdftex.def Info: images//gifs/sapientino-simple-dfa/sapientino-simple-d
fa-0.png used on input line 294.
(pdftex.def)             Requested size: 39.13612pt x 161.23883pt.

Overfull \vbox (9.57715pt too high) detected at line 294
 []

File: watermark-sapienza.pdf Graphic file (type pdf)
<use watermark-sapienza.pdf>
Package pdftex.def Info: watermark-sapienza.pdf used on input line 294.
(pdftex.def)             Requested size: 66.93033pt x 20.07507pt.
File: watermark-sapienza.pdf Graphic file (type pdf)
 <use watermark-sapienza.pdf>
Package pdftex.def Info: watermark-sapienza.pdf used on input line 294.
(pdftex.def)             Requested size: 66.87575pt x 21.85222pt.
 [12

 <./images//gifs/optimal-policy-three-colors/frame_04.png>]
<images//gifs/optimal-policy-three-colors/frame_05.png, id=160, 337.26pt x 258.
9675pt>
File: images//gifs/optimal-policy-three-colors/frame_05.png Graphic file (type 
png)
 <use images//gifs/optimal-policy-three-colors/frame_05.png>
Package pdftex.def Info: images//gifs/optimal-policy-three-colors/frame_05.png 
used on input line 294.
(pdftex.def)             Requested size: 192.29817pt x 147.6604pt.

<images//gifs/sapientino-simple-dfa/sapientino-simple-dfa-1.png, id=161, 125.46
875pt x 516.93124pt>
File: images//gifs/sapientino-simple-dfa/sapientino-simple-dfa-1.png Graphic fi
le (type png)

<use images//gifs/sapientino-simple-dfa/sapientino-simple-dfa-1.png>
Package pdftex.def Info: images//gifs/sapientino-simple-dfa/sapientino-simple-d
fa-1.png used on input line 294.
(pdftex.def)             Requested size: 39.13612pt x 161.23883pt.

Overfull \vbox (9.57715pt too high) detected at line 294
 []

File: watermark-sapienza.pdf Graphic file (type pdf)
<use watermark-sapienza.pdf>
Package pdftex.def Info: watermark-sapienza.pdf used on input line 294.
(pdftex.def)             Requested size: 66.93033pt x 20.07507pt.
File: watermark-sapienza.pdf Graphic file (type pdf)
 <use watermark-sapienza.pdf>
Package pdftex.def Info: watermark-sapienza.pdf used on input line 294.
(pdftex.def)             Requested size: 66.87575pt x 21.85222pt.
 [13

 <./images//gifs/optimal-policy-three-colors/frame_05.png> <./images//gifs/sapi
entino-simple-dfa/sapientino-simple-dfa-1.png>]
<images//gifs/optimal-policy-three-colors/frame_06.png, id=173, 337.26pt x 258.
9675pt>
File: images//gifs/optimal-policy-three-colors/frame_06.png Graphic file (type 
png)
 <use images//gifs/optimal-policy-three-colors/frame_06.png>
Package pdftex.def Info: images//gifs/optimal-policy-three-colors/frame_06.png 
used on input line 294.
(pdftex.def)             Requested size: 192.29817pt x 147.6604pt.
File: images//gifs/sapientino-simple-dfa/sapientino-simple-dfa-1.png Graphic fi
le (type png)

<use images//gifs/sapientino-simple-dfa/sapientino-simple-dfa-1.png>
Package pdftex.def Info: images//gifs/sapientino-simple-dfa/sapientino-simple-d
fa-1.png used on input line 294.
(pdftex.def)             Requested size: 39.13612pt x 161.23883pt.

Overfull \vbox (9.57715pt too high) detected at line 294
 []

File: watermark-sapienza.pdf Graphic file (type pdf)
<use watermark-sapienza.pdf>
Package pdftex.def Info: watermark-sapienza.pdf used on input line 294.
(pdftex.def)             Requested size: 66.93033pt x 20.07507pt.
File: watermark-sapienza.pdf Graphic file (type pdf)
 <use watermark-sapienza.pdf>
Package pdftex.def Info: watermark-sapienza.pdf used on input line 294.
(pdftex.def)             Requested size: 66.87575pt x 21.85222pt.
 [14

 <./images//gifs/optimal-policy-three-colors/frame_06.png>]
<images//gifs/optimal-policy-three-colors/frame_07.png, id=183, 337.26pt x 258.
9675pt>
File: images//gifs/optimal-policy-three-colors/frame_07.png Graphic file (type 
png)
 <use images//gifs/optimal-policy-three-colors/frame_07.png>
Package pdftex.def Info: images//gifs/optimal-policy-three-colors/frame_07.png 
used on input line 294.
(pdftex.def)             Requested size: 192.29817pt x 147.6604pt.
File: images//gifs/sapientino-simple-dfa/sapientino-simple-dfa-1.png Graphic fi
le (type png)

<use images//gifs/sapientino-simple-dfa/sapientino-simple-dfa-1.png>
Package pdftex.def Info: images//gifs/sapientino-simple-dfa/sapientino-simple-d
fa-1.png used on input line 294.
(pdftex.def)             Requested size: 39.13612pt x 161.23883pt.

Overfull \vbox (9.57715pt too high) detected at line 294
 []

File: watermark-sapienza.pdf Graphic file (type pdf)
<use watermark-sapienza.pdf>
Package pdftex.def Info: watermark-sapienza.pdf used on input line 294.
(pdftex.def)             Requested size: 66.93033pt x 20.07507pt.
File: watermark-sapienza.pdf Graphic file (type pdf)
 <use watermark-sapienza.pdf>
Package pdftex.def Info: watermark-sapienza.pdf used on input line 294.
(pdftex.def)             Requested size: 66.87575pt x 21.85222pt.
 [15

 <./images//gifs/optimal-policy-three-colors/frame_07.png>]
<images//gifs/optimal-policy-three-colors/frame_08.png, id=194, 337.26pt x 258.
9675pt>
File: images//gifs/optimal-policy-three-colors/frame_08.png Graphic file (type 
png)
 <use images//gifs/optimal-policy-three-colors/frame_08.png>
Package pdftex.def Info: images//gifs/optimal-policy-three-colors/frame_08.png 
used on input line 294.
(pdftex.def)             Requested size: 192.29817pt x 147.6604pt.

<images//gifs/sapientino-simple-dfa/sapientino-simple-dfa-2.png, id=195, 125.46
875pt x 516.93124pt>
File: images//gifs/sapientino-simple-dfa/sapientino-simple-dfa-2.png Graphic fi
le (type png)

<use images//gifs/sapientino-simple-dfa/sapientino-simple-dfa-2.png>
Package pdftex.def Info: images//gifs/sapientino-simple-dfa/sapientino-simple-d
fa-2.png used on input line 294.
(pdftex.def)             Requested size: 39.13612pt x 161.23883pt.

Overfull \vbox (9.57715pt too high) detected at line 294
 []

File: watermark-sapienza.pdf Graphic file (type pdf)
<use watermark-sapienza.pdf>
Package pdftex.def Info: watermark-sapienza.pdf used on input line 294.
(pdftex.def)             Requested size: 66.93033pt x 20.07507pt.
File: watermark-sapienza.pdf Graphic file (type pdf)
 <use watermark-sapienza.pdf>
Package pdftex.def Info: watermark-sapienza.pdf used on input line 294.
(pdftex.def)             Requested size: 66.87575pt x 21.85222pt.
 [16

 <./images//gifs/optimal-policy-three-colors/frame_08.png> <./images//gifs/sapi
entino-simple-dfa/sapientino-simple-dfa-2.png>]
<images//gifs/optimal-policy-three-colors/frame_09.png, id=206, 337.26pt x 258.
9675pt>
File: images//gifs/optimal-policy-three-colors/frame_09.png Graphic file (type 
png)
 <use images//gifs/optimal-policy-three-colors/frame_09.png>
Package pdftex.def Info: images//gifs/optimal-policy-three-colors/frame_09.png 
used on input line 294.
(pdftex.def)             Requested size: 192.29817pt x 147.6604pt.
File: images//gifs/sapientino-simple-dfa/sapientino-simple-dfa-2.png Graphic fi
le (type png)

<use images//gifs/sapientino-simple-dfa/sapientino-simple-dfa-2.png>
Package pdftex.def Info: images//gifs/sapientino-simple-dfa/sapientino-simple-d
fa-2.png used on input line 294.
(pdftex.def)             Requested size: 39.13612pt x 161.23883pt.

Overfull \vbox (9.57715pt too high) detected at line 294
 []

File: watermark-sapienza.pdf Graphic file (type pdf)
<use watermark-sapienza.pdf>
Package pdftex.def Info: watermark-sapienza.pdf used on input line 294.
(pdftex.def)             Requested size: 66.93033pt x 20.07507pt.
File: watermark-sapienza.pdf Graphic file (type pdf)
 <use watermark-sapienza.pdf>
Package pdftex.def Info: watermark-sapienza.pdf used on input line 294.
(pdftex.def)             Requested size: 66.87575pt x 21.85222pt.
 [17

 <./images//gifs/optimal-policy-three-colors/frame_09.png>]
<images//gifs/optimal-policy-three-colors/frame_10.png, id=216, 337.26pt x 258.
9675pt>
File: images//gifs/optimal-policy-three-colors/frame_10.png Graphic file (type 
png)
 <use images//gifs/optimal-policy-three-colors/frame_10.png>
Package pdftex.def Info: images//gifs/optimal-policy-three-colors/frame_10.png 
used on input line 294.
(pdftex.def)             Requested size: 192.29817pt x 147.6604pt.
File: images//gifs/sapientino-simple-dfa/sapientino-simple-dfa-2.png Graphic fi
le (type png)

<use images//gifs/sapientino-simple-dfa/sapientino-simple-dfa-2.png>
Package pdftex.def Info: images//gifs/sapientino-simple-dfa/sapientino-simple-d
fa-2.png used on input line 294.
(pdftex.def)             Requested size: 39.13612pt x 161.23883pt.

Overfull \vbox (9.57715pt too high) detected at line 294
 []

File: watermark-sapienza.pdf Graphic file (type pdf)
<use watermark-sapienza.pdf>
Package pdftex.def Info: watermark-sapienza.pdf used on input line 294.
(pdftex.def)             Requested size: 66.93033pt x 20.07507pt.
File: watermark-sapienza.pdf Graphic file (type pdf)
 <use watermark-sapienza.pdf>
Package pdftex.def Info: watermark-sapienza.pdf used on input line 294.
(pdftex.def)             Requested size: 66.87575pt x 21.85222pt.
 [18

 <./images//gifs/optimal-policy-three-colors/frame_10.png>]
<images//gifs/optimal-policy-three-colors/frame_11.png, id=226, 337.26pt x 258.
9675pt>
File: images//gifs/optimal-policy-three-colors/frame_11.png Graphic file (type 
png)
 <use images//gifs/optimal-policy-three-colors/frame_11.png>
Package pdftex.def Info: images//gifs/optimal-policy-three-colors/frame_11.png 
used on input line 294.
(pdftex.def)             Requested size: 192.29817pt x 147.6604pt.
File: images//gifs/sapientino-simple-dfa/sapientino-simple-dfa-2.png Graphic fi
le (type png)

<use images//gifs/sapientino-simple-dfa/sapientino-simple-dfa-2.png>
Package pdftex.def Info: images//gifs/sapientino-simple-dfa/sapientino-simple-d
fa-2.png used on input line 294.
(pdftex.def)             Requested size: 39.13612pt x 161.23883pt.

Overfull \vbox (9.57715pt too high) detected at line 294
 []

File: watermark-sapienza.pdf Graphic file (type pdf)
<use watermark-sapienza.pdf>
Package pdftex.def Info: watermark-sapienza.pdf used on input line 294.
(pdftex.def)             Requested size: 66.93033pt x 20.07507pt.
File: watermark-sapienza.pdf Graphic file (type pdf)
 <use watermark-sapienza.pdf>
Package pdftex.def Info: watermark-sapienza.pdf used on input line 294.
(pdftex.def)             Requested size: 66.87575pt x 21.85222pt.
 [19

 <./images//gifs/optimal-policy-three-colors/frame_11.png>]
File: images//gifs/optimal-policy-three-colors/frame_11.png Graphic file (type 
png)

<use images//gifs/optimal-policy-three-colors/frame_11.png>
Package pdftex.def Info: images//gifs/optimal-policy-three-colors/frame_11.png 
used on input line 294.
(pdftex.def)             Requested size: 192.29817pt x 147.6604pt.

<images//gifs/sapientino-simple-dfa/sapientino-simple-dfa-3.png, id=237, 125.46
875pt x 516.93124pt>
File: images//gifs/sapientino-simple-dfa/sapientino-simple-dfa-3.png Graphic fi
le (type png)

<use images//gifs/sapientino-simple-dfa/sapientino-simple-dfa-3.png>
Package pdftex.def Info: images//gifs/sapientino-simple-dfa/sapientino-simple-d
fa-3.png used on input line 294.
(pdftex.def)             Requested size: 39.13612pt x 161.23883pt.

Overfull \vbox (9.57715pt too high) detected at line 294
 []

File: watermark-sapienza.pdf Graphic file (type pdf)
<use watermark-sapienza.pdf>
Package pdftex.def Info: watermark-sapienza.pdf used on input line 294.
(pdftex.def)             Requested size: 66.93033pt x 20.07507pt.
File: watermark-sapienza.pdf Graphic file (type pdf)
 <use watermark-sapienza.pdf>
Package pdftex.def Info: watermark-sapienza.pdf used on input line 294.
(pdftex.def)             Requested size: 66.87575pt x 21.85222pt.
 [20

 <./images//gifs/sapientino-simple-dfa/sapientino-simple-dfa-3.png>]
File: watermark-sapienza.pdf Graphic file (type pdf)

<use watermark-sapienza.pdf>
Package pdftex.def Info: watermark-sapienza.pdf used on input line 311.
(pdftex.def)             Requested size: 66.93033pt x 20.07507pt.
File: watermark-sapienza.pdf Graphic file (type pdf)
 <use watermark-sapienza.pdf>
Package pdftex.def Info: watermark-sapienza.pdf used on input line 311.
(pdftex.def)             Requested size: 66.87575pt x 21.85222pt.
 [21

]
File: watermark-sapienza.pdf Graphic file (type pdf)

<use watermark-sapienza.pdf>
Package pdftex.def Info: watermark-sapienza.pdf used on input line 329.
(pdftex.def)             Requested size: 66.93033pt x 20.07507pt.
File: watermark-sapienza.pdf Graphic file (type pdf)
 <use watermark-sapienza.pdf>
Package pdftex.def Info: watermark-sapienza.pdf used on input line 329.
(pdftex.def)             Requested size: 66.87575pt x 21.85222pt.
 [22

]
(/usr/share/texlive/texmf-dist/tex/latex/ucs/data/uni-32.def
File: uni-32.def 2013/05/13 UCS: Unicode data U+2000..U+20FF
)
File: watermark-sapienza.pdf Graphic file (type pdf)

<use watermark-sapienza.pdf>
Package pdftex.def Info: watermark-sapienza.pdf used on input line 345.
(pdftex.def)             Requested size: 66.93033pt x 20.07507pt.
File: watermark-sapienza.pdf Graphic file (type pdf)
 <use watermark-sapienza.pdf>
Package pdftex.def Info: watermark-sapienza.pdf used on input line 345.
(pdftex.def)             Requested size: 66.87575pt x 21.85222pt.
 [23

]
<images//restraining-bolt.png, id=274, 931.48pt x 409.53pt>
File: images//restraining-bolt.png Graphic file (type png)

<use images//restraining-bolt.png>
Package pdftex.def Info: images//restraining-bolt.png used on input line 353.
(pdftex.def)             Requested size: 320.49371pt x 140.90681pt.
File: watermark-sapienza.pdf Graphic file (type pdf)
 <use watermark-sapienza.pdf>
Package pdftex.def Info: watermark-sapienza.pdf used on input line 353.
(pdftex.def)             Requested size: 66.93033pt x 20.07507pt.
File: watermark-sapienza.pdf Graphic file (type pdf)

<use watermark-sapienza.pdf>
Package pdftex.def Info: watermark-sapienza.pdf used on input line 353.
(pdftex.def)             Requested size: 66.87575pt x 21.85222pt.
 [24

 <./images//restraining-bolt.png>]
File: watermark-sapienza.pdf Graphic file (type pdf)

<use watermark-sapienza.pdf>
Package pdftex.def Info: watermark-sapienza.pdf used on input line 371.
(pdftex.def)             Requested size: 66.93033pt x 20.07507pt.
File: watermark-sapienza.pdf Graphic file (type pdf)
 <use watermark-sapienza.pdf>
Package pdftex.def Info: watermark-sapienza.pdf used on input line 371.
(pdftex.def)             Requested size: 66.87575pt x 21.85222pt.
 [25

]
File: watermark-sapienza.pdf Graphic file (type pdf)

<use watermark-sapienza.pdf>
Package pdftex.def Info: watermark-sapienza.pdf used on input line 375.
(pdftex.def)             Requested size: 66.93033pt x 20.07507pt.
File: watermark-sapienza.pdf Graphic file (type pdf)
 <use watermark-sapienza.pdf>
Package pdftex.def Info: watermark-sapienza.pdf used on input line 375.
(pdftex.def)             Requested size: 66.87575pt x 21.85222pt.
Package atenddvi Info: Last page = 26.
 [26

]
\tf@nav=\write6
\openout6 = `latex-slides.nav'.

\tf@toc=\write7
\openout7 = `latex-slides.toc'.

\tf@snm=\write8
\openout8 = `latex-slides.snm'.

Package atveryend Info: Empty hook `BeforeClearDocument' on input line 383.
Package atveryend Info: Executing hook `AfterLastShipout' on input line 383.

(./latex-slides.aux)
Package atveryend Info: Executing hook `AtVeryEndDocument' on input line 383.
Package atveryend Info: Executing hook `AtEndAfterFileList' on input line 383.
Package rerunfilecheck Info: File `latex-slides.out' has not changed.
(rerunfilecheck)             Checksum: D41D8CD98F00B204E9800998ECF8427E;0.


LaTeX Font Warning: Some font shapes were not available, defaults substituted.

Package atveryend Info: Empty hook `AtVeryVeryEnd' on input line 383.
 ) 
Here is how much of TeX's memory you used:
 35364 strings out of 494953
 693355 string characters out of 6180977
 761536 words of memory out of 5000000
 37862 multiletter control sequences out of 15000+600000
 17498 words of font info for 65 fonts, out of 8000000 for 9000
 14 hyphenation exceptions out of 8191
 48i,18n,54p,10412b,738s stack positions out of 5000i,500n,10000p,200000b,80000s
</usr/share/texlive/texmf-dist/fonts/type1/public/amsfonts/cm/cmcsc10.pfb></u
sr/share/texlive/texmf-dist/fonts/type1/public/amsfonts/cm/cmmi10.pfb></usr/sha
re/texlive/texmf-dist/fonts/type1/public/amsfonts/cm/cmmi8.pfb></usr/share/texl
ive/texmf-dist/fonts/type1/public/amsfonts/cm/cmss10.pfb></usr/share/texlive/te
xmf-dist/fonts/type1/public/amsfonts/cm/cmss12.pfb></usr/share/texlive/texmf-di
st/fonts/type1/public/amsfonts/cm/cmss8.pfb></usr/share/texlive/texmf-dist/font
s/type1/public/amsfonts/cm/cmssbx10.pfb></usr/share/texlive/texmf-dist/fonts/ty
pe1/public/amsfonts/cm/cmssi10.pfb></usr/share/texlive/texmf-dist/fonts/type1/p
ublic/amsfonts/cm/cmssi12.pfb></usr/share/texlive/texmf-dist/fonts/type1/public
/amsfonts/cm/cmssi8.pfb></usr/share/texlive/texmf-dist/fonts/type1/public/amsfo
nts/cm/cmsy10.pfb></usr/share/texlive/texmf-dist/fonts/type1/public/amsfonts/cm
/cmsy8.pfb></usr/share/texlive/texmf-dist/fonts/type1/public/amsfonts/cm/cmtt10
.pfb></usr/share/texlive/texmf-dist/fonts/type1/public/amsfonts/symbols/msam10.
pfb>
Output written on latex-slides.pdf (26 pages, 1068025 bytes).
PDF statistics:
 361 PDF objects out of 1000 (max. 8388607)
 235 compressed objects within 3 object streams
 53 named destinations out of 1000 (max. 500000)
 319 words of extra memory for PDF output out of 10000 (max. 10000000)

